<?xml version="1.0" encoding="utf-8"?>
<CoverageSession xmlns:xsd="http://www.w3.org/2001/XMLSchema" xmlns:xsi="http://www.w3.org/2001/XMLSchema-instance">
  <Summary numSequencePoints="175" visitedSequencePoints="8" numBranchPoints="119" visitedBranchPoints="8" sequenceCoverage="4.57" branchCoverage="6.72" maxCyclomaticComplexity="2" minCyclomaticComplexity="1" visitedClasses="1" numClasses="16" visitedMethods="8" numMethods="119" />
  <Modules>
    <Module skippedDueTo="Filter" hash="F6-70-5A-4A-3D-3B-8F-AB-38-1B-F7-15-8E-65-3E-CC-49-18-6A-EB">
      <ModulePath>C:\Program Files\dotnet\shared\Microsoft.NETCore.App\1.1.2\System.Private.CoreLib.ni.dll</ModulePath>
      <ModuleTime>2017-04-28T17:14:44Z</ModuleTime>
      <ModuleName>System.Private.CoreLib</ModuleName>
      <Files />
      <Classes />
    </Module>
    <Module skippedDueTo="Filter" hash="7C-14-BD-3D-65-43-69-69-E6-BF-9C-5A-33-56-67-FF-47-1A-62-19">
      <ModulePath>C:\Program Files\dotnet\sdk\1.0.4\dotnet.dll</ModulePath>
      <ModuleTime>2017-05-04T20:17:40Z</ModuleTime>
      <ModuleName>dotnet</ModuleName>
      <Files />
      <Classes />
    </Module>
    <Module skippedDueTo="Filter" hash="10-F6-CF-D1-77-DC-83-45-0F-A7-94-89-E8-58-1A-94-0F-2D-39-99">
      <ModulePath>C:\Program Files\dotnet\shared\Microsoft.NETCore.App\1.1.2\System.Runtime.dll</ModulePath>
      <ModuleTime>2017-04-28T17:14:42Z</ModuleTime>
      <ModuleName>System.Runtime</ModuleName>
      <Files />
      <Classes />
    </Module>
    <Module skippedDueTo="Filter" hash="27-FD-01-1F-7F-91-44-AA-26-6D-B2-BA-60-A7-6F-B8-A6-7B-C4-87">
      <ModulePath>C:\Program Files\dotnet\shared\Microsoft.NETCore.App\1.1.2\mscorlib.dll</ModulePath>
      <ModuleTime>2017-04-11T15:56:10Z</ModuleTime>
      <ModuleName>mscorlib</ModuleName>
      <Files />
      <Classes />
    </Module>
    <Module skippedDueTo="Filter" hash="6F-DF-E1-12-55-10-25-92-1E-08-38-99-29-E1-D4-F3-EC-1D-10-42">
      <ModulePath>C:\Program Files\dotnet\sdk\1.0.4\Microsoft.DotNet.Cli.Utils.dll</ModulePath>
      <ModuleTime>2017-05-04T20:17:40Z</ModuleTime>
      <ModuleName>Microsoft.DotNet.Cli.Utils</ModuleName>
      <Files />
      <Classes />
    </Module>
    <Module skippedDueTo="Filter" hash="47-FA-BA-22-0D-94-47-3C-1E-3F-37-5C-92-22-E2-D7-C4-D6-3B-98">
      <ModulePath>C:\Program Files\dotnet\shared\Microsoft.NETCore.App\1.1.2\System.Runtime.Extensions.dll</ModulePath>
      <ModuleTime>2017-04-28T17:14:42Z</ModuleTime>
      <ModuleName>System.Runtime.Extensions</ModuleName>
      <Files />
      <Classes />
    </Module>
    <Module skippedDueTo="Filter" hash="40-BC-A0-8B-FC-4B-6D-93-EC-A2-4F-36-D2-E1-21-59-B7-5F-BB-FF">
      <ModulePath>C:\Program Files\dotnet\shared\Microsoft.NETCore.App\1.1.2\System.Runtime.InteropServices.RuntimeInformation.dll</ModulePath>
      <ModuleTime>2017-04-28T17:14:42Z</ModuleTime>
      <ModuleName>System.Runtime.InteropServices.RuntimeInformation</ModuleName>
      <Files />
      <Classes />
    </Module>
    <Module skippedDueTo="Filter" hash="3B-D7-1E-C0-84-4C-02-CB-97-4A-8E-2A-A0-0A-52-F7-08-D3-F0-8A">
      <ModulePath>C:\Program Files\dotnet\shared\Microsoft.NETCore.App\1.1.2\System.Reflection.Extensions.dll</ModulePath>
      <ModuleTime>2017-04-28T17:14:42Z</ModuleTime>
      <ModuleName>System.Reflection.Extensions</ModuleName>
      <Files />
      <Classes />
    </Module>
    <Module skippedDueTo="Filter" hash="55-88-D6-46-7F-54-65-DB-60-06-A3-82-60-D8-40-FB-BC-EC-D5-81">
      <ModulePath>C:\Program Files\dotnet\shared\Microsoft.NETCore.App\1.1.2\System.Reflection.dll</ModulePath>
      <ModuleTime>2017-04-28T17:14:42Z</ModuleTime>
      <ModuleName>System.Reflection</ModuleName>
      <Files />
      <Classes />
    </Module>
    <Module skippedDueTo="Filter" hash="CD-0E-F9-3C-4B-0E-27-4D-57-01-09-69-41-3A-A0-45-30-28-38-55">
      <ModulePath>C:\Program Files\dotnet\sdk\1.0.4\Microsoft.DotNet.PlatformAbstractions.dll</ModulePath>
      <ModuleTime>2017-05-04T20:17:40Z</ModuleTime>
      <ModuleName>Microsoft.DotNet.PlatformAbstractions</ModuleName>
      <Files />
      <Classes />
    </Module>
    <Module skippedDueTo="Filter" hash="E3-3A-F1-CA-2D-90-BC-45-47-78-DC-4D-07-A5-90-1A-74-68-AC-FE">
      <ModulePath>C:\Program Files\dotnet\shared\Microsoft.NETCore.App\1.1.2\System.Runtime.InteropServices.dll</ModulePath>
      <ModuleTime>2017-04-28T17:14:42Z</ModuleTime>
      <ModuleName>System.Runtime.InteropServices</ModuleName>
      <Files />
      <Classes />
    </Module>
    <Module skippedDueTo="Filter" hash="DB-F6-C2-1A-63-0D-74-B8-1B-CC-5D-59-8D-EA-2C-09-55-13-40-1D">
      <ModulePath>C:\Program Files\dotnet\shared\Microsoft.NETCore.App\1.1.2\System.IO.FileSystem.dll</ModulePath>
      <ModuleTime>2017-04-28T17:14:42Z</ModuleTime>
      <ModuleName>System.IO.FileSystem</ModuleName>
      <Files />
      <Classes />
    </Module>
    <Module skippedDueTo="Filter" hash="78-80-49-A8-7E-78-47-11-2F-9D-DF-26-A7-C7-23-0B-07-D3-78-A0">
      <ModulePath>C:\Program Files\dotnet\shared\Microsoft.NETCore.App\1.1.2\System.IO.FileSystem.Primitives.dll</ModulePath>
      <ModuleTime>2017-04-28T17:14:42Z</ModuleTime>
      <ModuleName>System.IO.FileSystem.Primitives</ModuleName>
      <Files />
      <Classes />
    </Module>
    <Module skippedDueTo="Filter" hash="F3-70-6B-67-DF-E6-5C-1D-D6-F8-AB-B5-FA-33-AD-F0-00-C9-34-CB">
      <ModulePath>C:\Program Files\dotnet\shared\Microsoft.NETCore.App\1.1.2\System.Runtime.Loader.dll</ModulePath>
      <ModuleTime>2017-04-28T17:14:42Z</ModuleTime>
      <ModuleName>System.Runtime.Loader</ModuleName>
      <Files />
      <Classes />
    </Module>
    <Module skippedDueTo="Filter" hash="DA-04-EC-12-00-E2-9D-10-9B-21-EC-08-06-D9-0A-28-F4-F1-8A-2E">
      <ModulePath>C:\Program Files\dotnet\sdk\1.0.4\runtimes\win\lib\netstandard1.3\System.Text.Encoding.CodePages.dll</ModulePath>
      <ModuleTime>2017-05-04T20:17:42Z</ModuleTime>
      <ModuleName>System.Text.Encoding.CodePages</ModuleName>
      <Files />
      <Classes />
    </Module>
    <Module skippedDueTo="Filter" hash="82-AA-AB-21-2D-1F-5A-5D-76-88-BC-99-D2-AE-5F-27-5E-DE-40-3E">
      <ModulePath>C:\Program Files\dotnet\shared\Microsoft.NETCore.App\1.1.2\System.Text.Encoding.dll</ModulePath>
      <ModuleTime>2017-04-28T17:14:44Z</ModuleTime>
      <ModuleName>System.Text.Encoding</ModuleName>
      <Files />
      <Classes />
    </Module>
    <Module skippedDueTo="Filter" hash="69-74-54-38-65-8F-5E-25-7D-73-E4-86-34-E9-E0-BE-CD-BF-2C-3F">
      <ModulePath>C:\Program Files\dotnet\shared\Microsoft.NETCore.App\1.1.2\System.Collections.dll</ModulePath>
      <ModuleTime>2017-04-28T17:14:42Z</ModuleTime>
      <ModuleName>System.Collections</ModuleName>
      <Files />
      <Classes />
    </Module>
    <Module skippedDueTo="Filter" hash="0A-1B-46-F2-8B-9B-C4-F3-5E-D4-87-5E-F5-35-40-B9-57-F5-74-DA">
      <ModulePath>C:\Program Files\dotnet\shared\Microsoft.NETCore.App\1.1.2\System.Threading.dll</ModulePath>
      <ModuleTime>2017-04-28T17:14:44Z</ModuleTime>
      <ModuleName>System.Threading</ModuleName>
      <Files />
      <Classes />
    </Module>
    <Module skippedDueTo="Filter" hash="B2-79-8E-42-79-66-46-E5-BB-FA-80-DB-A4-98-64-E6-F3-34-CE-87">
      <ModulePath>C:\Program Files\dotnet\shared\Microsoft.NETCore.App\1.1.2\System.Collections.Concurrent.dll</ModulePath>
      <ModuleTime>2017-04-28T17:14:42Z</ModuleTime>
      <ModuleName>System.Collections.Concurrent</ModuleName>
      <Files />
      <Classes />
    </Module>
    <Module skippedDueTo="Filter" hash="33-C3-42-45-CA-9E-02-9A-68-90-00-51-45-EF-3F-DB-CF-02-99-86">
      <ModulePath>C:\Program Files\dotnet\shared\Microsoft.NETCore.App\1.1.2\System.Threading.Thread.dll</ModulePath>
      <ModuleTime>2017-04-28T17:14:44Z</ModuleTime>
      <ModuleName>System.Threading.Thread</ModuleName>
      <Files />
      <Classes />
    </Module>
    <Module skippedDueTo="Filter" hash="03-F2-D5-B0-32-D5-7A-CC-E7-42-98-62-D1-42-44-7D-03-75-83-D7">
      <ModulePath>C:\Program Files\dotnet\shared\Microsoft.NETCore.App\1.1.2\System.Diagnostics.Process.dll</ModulePath>
      <ModuleTime>2017-04-28T17:14:42Z</ModuleTime>
      <ModuleName>System.Diagnostics.Process</ModuleName>
      <Files />
      <Classes />
    </Module>
    <Module skippedDueTo="Filter" hash="64-11-3C-D9-70-FD-86-06-19-E7-CE-BB-44-52-18-81-48-85-9C-CA">
      <ModulePath>C:\Program Files\dotnet\shared\Microsoft.NETCore.App\1.1.2\System.Linq.dll</ModulePath>
      <ModuleTime>2017-04-28T17:14:42Z</ModuleTime>
      <ModuleName>System.Linq</ModuleName>
      <Files />
      <Classes />
    </Module>
    <Module skippedDueTo="Filter" hash="6B-C9-1F-44-F1-C2-4C-98-F5-A5-19-B8-2A-70-08-48-3F-5A-A7-35">
      <ModulePath>C:\Program Files\dotnet\sdk\1.0.4\Microsoft.DotNet.Configurer.dll</ModulePath>
      <ModuleTime>2017-05-04T20:17:40Z</ModuleTime>
      <ModuleName>Microsoft.DotNet.Configurer</ModuleName>
      <Files />
      <Classes />
    </Module>
    <Module skippedDueTo="Filter" hash="5F-C1-69-74-13-72-C8-69-40-24-F1-02-2D-13-C9-8A-F8-69-8C-40">
      <ModulePath>C:\Program Files\dotnet\sdk\1.0.4\Microsoft.DotNet.InternalAbstractions.dll</ModulePath>
      <ModuleTime>2017-05-04T20:17:40Z</ModuleTime>
      <ModuleName>Microsoft.DotNet.InternalAbstractions</ModuleName>
      <Files />
      <Classes />
    </Module>
    <Module skippedDueTo="Filter" hash="C8-79-5B-B1-CD-2D-1C-1E-B3-60-B0-0A-AD-AD-19-80-70-7C-AC-BF">
      <ModulePath>C:\Program Files\dotnet\sdk\1.0.4\NuGet.Configuration.dll</ModulePath>
      <ModuleTime>2017-05-04T20:17:42Z</ModuleTime>
      <ModuleName>NuGet.Configuration</ModuleName>
      <Files />
      <Classes />
    </Module>
    <Module skippedDueTo="Filter" hash="D9-93-DE-EF-CB-9F-82-97-40-07-79-FE-CC-B3-06-E2-BB-2F-5B-EA">
      <ModulePath>C:\Program Files\dotnet\sdk\1.0.4\NuGet.Common.dll</ModulePath>
      <ModuleTime>2017-05-04T20:17:42Z</ModuleTime>
      <ModuleName>NuGet.Common</ModuleName>
      <Files />
      <Classes />
    </Module>
    <Module skippedDueTo="Filter" hash="78-5D-99-A3-90-D6-7D-1F-16-D9-6A-06-F5-95-F6-71-7F-58-02-21">
      <ModulePath>C:\Program Files\dotnet\shared\Microsoft.NETCore.App\1.1.2\System.IO.dll</ModulePath>
      <ModuleTime>2017-04-28T17:14:42Z</ModuleTime>
      <ModuleName>System.IO</ModuleName>
      <Files />
      <Classes />
    </Module>
    <Module skippedDueTo="Filter" hash="2E-39-08-79-1D-C2-AA-88-46-E8-43-52-C6-3E-D7-EE-D5-96-CD-89">
      <ModulePath>C:\Program Files\dotnet\shared\Microsoft.NETCore.App\1.1.2\System.Threading.Tasks.dll</ModulePath>
      <ModuleTime>2017-04-28T17:14:44Z</ModuleTime>
      <ModuleName>System.Threading.Tasks</ModuleName>
      <Files />
      <Classes />
    </Module>
    <Module skippedDueTo="Filter" hash="34-9D-BB-FA-81-DE-34-62-81-3C-68-2E-DC-4F-D3-D4-0F-DC-3F-80">
      <ModulePath>C:\Program Files\dotnet\shared\Microsoft.NETCore.App\1.1.2\System.Runtime.Handles.dll</ModulePath>
      <ModuleTime>2017-04-28T17:14:42Z</ModuleTime>
      <ModuleName>System.Runtime.Handles</ModuleName>
      <Files />
      <Classes />
    </Module>
    <Module skippedDueTo="Filter" hash="C0-D8-45-31-3B-9C-4A-3F-E2-70-00-F7-00-97-BB-C9-87-01-BA-45">
      <ModulePath>C:\Program Files\dotnet\sdk\1.0.4\NuGet.Frameworks.dll</ModulePath>
      <ModuleTime>2017-05-04T20:17:42Z</ModuleTime>
      <ModuleName>NuGet.Frameworks</ModuleName>
      <Files />
      <Classes />
    </Module>
    <Module skippedDueTo="Filter" hash="68-4F-FC-19-75-79-30-9B-C6-B1-01-25-47-BD-20-D8-D4-30-C9-1D">
      <ModulePath>C:\Program Files\dotnet\sdk\1.0.4\Microsoft.ApplicationInsights.dll</ModulePath>
      <ModuleTime>2017-05-04T20:17:40Z</ModuleTime>
      <ModuleName>Microsoft.ApplicationInsights</ModuleName>
      <Files />
      <Classes />
    </Module>
    <Module skippedDueTo="Filter" hash="38-39-1F-62-2B-DA-FD-5B-F5-3F-96-7D-3E-21-2F-AB-54-22-A0-44">
      <ModulePath>C:\Program Files\dotnet\shared\Microsoft.NETCore.App\1.1.2\System.Text.RegularExpressions.dll</ModulePath>
      <ModuleTime>2017-04-28T17:14:44Z</ModuleTime>
      <ModuleName>System.Text.RegularExpressions</ModuleName>
      <Files />
      <Classes />
    </Module>
    <Module skippedDueTo="Filter" hash="6C-69-37-07-42-15-E1-41-36-7E-A8-CD-A5-6A-B0-A5-3F-62-F6-B8">
      <ModulePath>C:\Program Files\dotnet\shared\Microsoft.NETCore.App\1.1.2\System.Globalization.dll</ModulePath>
      <ModuleTime>2017-04-28T17:14:42Z</ModuleTime>
      <ModuleName>System.Globalization</ModuleName>
      <Files />
      <Classes />
    </Module>
    <Module skippedDueTo="Filter" hash="0E-BC-DB-EA-6F-B6-35-F8-FE-F1-FE-47-90-D0-5B-FC-48-37-64-15">
      <ModulePath>C:\Program Files\dotnet\shared\Microsoft.NETCore.App\1.1.2\System.Xml.XDocument.dll</ModulePath>
      <ModuleTime>2017-04-28T17:14:44Z</ModuleTime>
      <ModuleName>System.Xml.XDocument</ModuleName>
      <Files />
      <Classes />
    </Module>
    <Module skippedDueTo="Filter" hash="3A-59-23-69-14-25-FD-1A-2B-F8-46-11-A9-A9-27-E3-DB-04-E6-3A">
      <ModulePath>C:\Program Files\dotnet\shared\Microsoft.NETCore.App\1.1.2\System.Diagnostics.Tracing.dll</ModulePath>
      <ModuleTime>2017-04-28T17:14:42Z</ModuleTime>
      <ModuleName>System.Diagnostics.Tracing</ModuleName>
      <Files />
      <Classes />
    </Module>
    <Module skippedDueTo="Filter" hash="EC-3F-DD-FA-6A-85-25-D4-08-20-13-BB-37-41-01-E4-CC-7E-77-18">
      <ModulePath>C:\Program Files\dotnet\shared\Microsoft.NETCore.App\1.1.2\System.Private.Uri.dll</ModulePath>
      <ModuleTime>2017-04-28T17:14:42Z</ModuleTime>
      <ModuleName>System.Private.Uri</ModuleName>
      <Files />
      <Classes />
    </Module>
    <Module skippedDueTo="Filter" hash="2C-C0-50-46-90-A8-A1-D6-EB-02-51-A8-52-5F-72-2B-B6-9E-3B-06">
      <ModulePath>C:\Program Files\dotnet\sdk\1.0.4\Microsoft.Build.Utilities.Core.dll</ModulePath>
      <ModuleTime>2017-05-04T20:17:40Z</ModuleTime>
      <ModuleName>Microsoft.Build.Utilities.Core</ModuleName>
      <Files />
      <Classes />
    </Module>
    <Module skippedDueTo="Filter" hash="2E-9C-4F-C8-C5-63-7E-0C-9E-66-DC-25-79-DE-D3-0C-0C-64-60-9B">
      <ModulePath>C:\Program Files\dotnet\sdk\1.0.4\Microsoft.Build.Framework.dll</ModulePath>
      <ModuleTime>2017-05-04T20:17:40Z</ModuleTime>
      <ModuleName>Microsoft.Build.Framework</ModuleName>
      <Files />
      <Classes />
    </Module>
    <Module skippedDueTo="Filter" hash="84-8C-9D-01-05-23-E5-1B-ED-E4-38-4D-23-48-BB-27-E3-CA-C3-A6">
      <ModulePath>C:\Program Files\dotnet\shared\Microsoft.NETCore.App\1.1.2\System.AppContext.dll</ModulePath>
      <ModuleTime>2017-04-28T17:14:42Z</ModuleTime>
      <ModuleName>System.AppContext</ModuleName>
      <Files />
      <Classes />
    </Module>
    <Module skippedDueTo="Filter" hash="95-31-50-64-C3-65-6D-48-52-4C-C6-2C-74-B2-97-E9-97-84-AD-8A">
      <ModulePath>C:\Program Files\dotnet\shared\Microsoft.NETCore.App\1.1.2\System.Diagnostics.Tools.dll</ModulePath>
      <ModuleTime>2017-04-28T17:14:42Z</ModuleTime>
      <ModuleName>System.Diagnostics.Tools</ModuleName>
      <Files />
      <Classes />
    </Module>
    <Module skippedDueTo="Filter" hash="F6-70-5A-4A-3D-3B-8F-AB-38-1B-F7-15-8E-65-3E-CC-49-18-6A-EB">
      <ModulePath>C:\Program Files\dotnet\shared\Microsoft.NETCore.App\1.1.2\System.Private.CoreLib.ni.dll</ModulePath>
      <ModuleTime>2017-04-28T17:14:44Z</ModuleTime>
      <ModuleName>System.Private.CoreLib</ModuleName>
      <Files />
      <Classes />
    </Module>
    <Module skippedDueTo="Filter" hash="52-77-66-37-0D-AA-14-35-AB-03-CA-BD-69-1B-BB-CA-25-A0-A2-0F">
      <ModulePath>C:\Program Files\dotnet\shared\Microsoft.NETCore.App\1.1.2\System.Diagnostics.Debug.dll</ModulePath>
      <ModuleTime>2017-04-28T17:14:42Z</ModuleTime>
      <ModuleName>System.Diagnostics.Debug</ModuleName>
      <Files />
      <Classes />
    </Module>
    <Module skippedDueTo="Filter" hash="0D-98-EB-0F-BD-11-84-BB-29-71-B0-04-62-CB-D0-01-DD-9D-54-D0">
      <ModulePath>C:\Program Files\dotnet\shared\Microsoft.NETCore.App\1.1.2\System.IO.Compression.dll</ModulePath>
      <ModuleTime>2017-04-28T17:14:42Z</ModuleTime>
      <ModuleName>System.IO.Compression</ModuleName>
      <Files />
      <Classes />
    </Module>
    <Module skippedDueTo="Filter" hash="CC-99-C9-08-66-31-C3-65-73-4B-3D-54-80-D9-17-F0-A3-79-96-74">
      <ModulePath>C:\Program Files\dotnet\shared\Microsoft.NETCore.App\1.1.2\System.Text.Encoding.Extensions.dll</ModulePath>
      <ModuleTime>2017-04-28T17:14:44Z</ModuleTime>
      <ModuleName>System.Text.Encoding.Extensions</ModuleName>
      <Files />
      <Classes />
    </Module>
    <Module skippedDueTo="Filter" hash="14-B7-8E-89-03-6B-78-3E-65-DB-01-95-27-A3-32-28-1E-E1-0E-99">
      <ModulePath>C:\Program Files\dotnet\shared\Microsoft.NETCore.App\1.1.2\System.Net.Http.dll</ModulePath>
      <ModuleTime>2017-04-28T17:14:42Z</ModuleTime>
      <ModuleName>System.Net.Http</ModuleName>
      <Files />
      <Classes />
    </Module>
    <Module skippedDueTo="Filter" hash="34-85-75-44-A7-36-1B-6D-22-E4-EA-F9-09-00-64-27-00-C0-D3-0B">
      <ModulePath>C:\Program Files\dotnet\shared\Microsoft.NETCore.App\1.1.2\System.Net.Primitives.dll</ModulePath>
      <ModuleTime>2017-04-28T17:14:42Z</ModuleTime>
      <ModuleName>System.Net.Primitives</ModuleName>
      <Files />
      <Classes />
    </Module>
    <Module skippedDueTo="Filter" hash="5A-10-EA-53-BB-1B-3C-B2-46-74-D0-23-43-23-B3-38-78-63-91-7A">
      <ModulePath>C:\Program Files\dotnet\shared\Microsoft.NETCore.App\1.1.2\System.Diagnostics.DiagnosticSource.dll</ModulePath>
      <ModuleTime>2017-04-28T17:14:42Z</ModuleTime>
      <ModuleName>System.Diagnostics.DiagnosticSource</ModuleName>
      <Files />
      <Classes />
    </Module>
    <Module skippedDueTo="Filter" hash="21-C9-8D-C8-5E-B8-B6-CC-1F-B3-BD-23-47-20-71-4E-30-6B-56-9B">
      <ModulePath>C:\Program Files\dotnet\shared\Microsoft.NETCore.App\1.1.2\System.Security.Cryptography.X509Certificates.dll</ModulePath>
      <ModuleTime>2017-04-28T17:14:44Z</ModuleTime>
      <ModuleName>System.Security.Cryptography.X509Certificates</ModuleName>
      <Files />
      <Classes />
    </Module>
    <Module skippedDueTo="Filter" hash="92-3A-A0-1E-C0-A4-51-94-88-6C-76-D2-0F-2B-EF-F7-25-4B-F7-9E">
      <ModulePath>C:\Program Files\dotnet\sdk\1.0.4\MSBuild.dll</ModulePath>
      <ModuleTime>2017-05-04T20:17:42Z</ModuleTime>
      <ModuleName>MSBuild</ModuleName>
      <Files />
      <Classes />
    </Module>
    <Module skippedDueTo="Filter" hash="10-F6-CF-D1-77-DC-83-45-0F-A7-94-89-E8-58-1A-94-0F-2D-39-99">
      <ModulePath>C:\Program Files\dotnet\shared\Microsoft.NETCore.App\1.1.2\System.Runtime.dll</ModulePath>
      <ModuleTime>2017-04-28T17:14:42Z</ModuleTime>
      <ModuleName>System.Runtime</ModuleName>
      <Files />
      <Classes />
    </Module>
    <Module skippedDueTo="Filter" hash="27-FD-01-1F-7F-91-44-AA-26-6D-B2-BA-60-A7-6F-B8-A6-7B-C4-87">
      <ModulePath>C:\Program Files\dotnet\shared\Microsoft.NETCore.App\1.1.2\mscorlib.dll</ModulePath>
      <ModuleTime>2017-04-11T15:56:10Z</ModuleTime>
      <ModuleName>mscorlib</ModuleName>
      <Files />
      <Classes />
    </Module>
    <Module skippedDueTo="Filter" hash="0A-1B-46-F2-8B-9B-C4-F3-5E-D4-87-5E-F5-35-40-B9-57-F5-74-DA">
      <ModulePath>C:\Program Files\dotnet\shared\Microsoft.NETCore.App\1.1.2\System.Threading.dll</ModulePath>
      <ModuleTime>2017-04-28T17:14:44Z</ModuleTime>
      <ModuleName>System.Threading</ModuleName>
      <Files />
      <Classes />
    </Module>
    <Module skippedDueTo="Filter" hash="55-88-D6-46-7F-54-65-DB-60-06-A3-82-60-D8-40-FB-BC-EC-D5-81">
      <ModulePath>C:\Program Files\dotnet\shared\Microsoft.NETCore.App\1.1.2\System.Reflection.dll</ModulePath>
      <ModuleTime>2017-04-28T17:14:42Z</ModuleTime>
      <ModuleName>System.Reflection</ModuleName>
      <Files />
      <Classes />
    </Module>
    <Module skippedDueTo="Filter" hash="48-CD-A8-F1-07-2A-81-32-33-9D-D3-62-EE-F0-D2-38-D3-6C-96-AD">
      <ModulePath>C:\Program Files\dotnet\shared\Microsoft.NETCore.App\1.1.2\System.Reflection.TypeExtensions.dll</ModulePath>
      <ModuleTime>2017-04-28T17:14:42Z</ModuleTime>
      <ModuleName>System.Reflection.TypeExtensions</ModuleName>
      <Files />
      <Classes />
    </Module>
    <Module skippedDueTo="Filter" hash="47-FA-BA-22-0D-94-47-3C-1E-3F-37-5C-92-22-E2-D7-C4-D6-3B-98">
      <ModulePath>C:\Program Files\dotnet\shared\Microsoft.NETCore.App\1.1.2\System.Runtime.Extensions.dll</ModulePath>
      <ModuleTime>2017-04-28T17:14:42Z</ModuleTime>
      <ModuleName>System.Runtime.Extensions</ModuleName>
      <Files />
      <Classes />
    </Module>
    <Module skippedDueTo="Filter" hash="03-F2-D5-B0-32-D5-7A-CC-E7-42-98-62-D1-42-44-7D-03-75-83-D7">
      <ModulePath>C:\Program Files\dotnet\shared\Microsoft.NETCore.App\1.1.2\System.Diagnostics.Process.dll</ModulePath>
      <ModuleTime>2017-04-28T17:14:42Z</ModuleTime>
      <ModuleName>System.Diagnostics.Process</ModuleName>
      <Files />
      <Classes />
    </Module>
    <Module skippedDueTo="Filter" hash="E3-3A-F1-CA-2D-90-BC-45-47-78-DC-4D-07-A5-90-1A-74-68-AC-FE">
      <ModulePath>C:\Program Files\dotnet\shared\Microsoft.NETCore.App\1.1.2\System.Runtime.InteropServices.dll</ModulePath>
      <ModuleTime>2017-04-28T17:14:42Z</ModuleTime>
      <ModuleName>System.Runtime.InteropServices</ModuleName>
      <Files />
      <Classes />
    </Module>
    <Module skippedDueTo="Filter" hash="34-9D-BB-FA-81-DE-34-62-81-3C-68-2E-DC-4F-D3-D4-0F-DC-3F-80">
      <ModulePath>C:\Program Files\dotnet\shared\Microsoft.NETCore.App\1.1.2\System.Runtime.Handles.dll</ModulePath>
      <ModuleTime>2017-04-28T17:14:42Z</ModuleTime>
      <ModuleName>System.Runtime.Handles</ModuleName>
      <Files />
      <Classes />
    </Module>
    <Module skippedDueTo="Filter" hash="69-74-54-38-65-8F-5E-25-7D-73-E4-86-34-E9-E0-BE-CD-BF-2C-3F">
      <ModulePath>C:\Program Files\dotnet\shared\Microsoft.NETCore.App\1.1.2\System.Collections.dll</ModulePath>
      <ModuleTime>2017-04-28T17:14:42Z</ModuleTime>
      <ModuleName>System.Collections</ModuleName>
      <Files />
      <Classes />
    </Module>
    <Module skippedDueTo="Filter" hash="64-11-3C-D9-70-FD-86-06-19-E7-CE-BB-44-52-18-81-48-85-9C-CA">
      <ModulePath>C:\Program Files\dotnet\shared\Microsoft.NETCore.App\1.1.2\System.Linq.dll</ModulePath>
      <ModuleTime>2017-04-28T17:14:42Z</ModuleTime>
      <ModuleName>System.Linq</ModuleName>
      <Files />
      <Classes />
    </Module>
    <Module skippedDueTo="Filter" hash="40-BC-A0-8B-FC-4B-6D-93-EC-A2-4F-36-D2-E1-21-59-B7-5F-BB-FF">
      <ModulePath>C:\Program Files\dotnet\shared\Microsoft.NETCore.App\1.1.2\System.Runtime.InteropServices.RuntimeInformation.dll</ModulePath>
      <ModuleTime>2017-04-28T17:14:42Z</ModuleTime>
      <ModuleName>System.Runtime.InteropServices.RuntimeInformation</ModuleName>
      <Files />
      <Classes />
    </Module>
    <Module skippedDueTo="Filter" hash="38-39-1F-62-2B-DA-FD-5B-F5-3F-96-7D-3E-21-2F-AB-54-22-A0-44">
      <ModulePath>C:\Program Files\dotnet\shared\Microsoft.NETCore.App\1.1.2\System.Text.RegularExpressions.dll</ModulePath>
      <ModuleTime>2017-04-28T17:14:44Z</ModuleTime>
      <ModuleName>System.Text.RegularExpressions</ModuleName>
      <Files />
      <Classes />
    </Module>
    <Module skippedDueTo="Filter" hash="DB-F6-C2-1A-63-0D-74-B8-1B-CC-5D-59-8D-EA-2C-09-55-13-40-1D">
      <ModulePath>C:\Program Files\dotnet\shared\Microsoft.NETCore.App\1.1.2\System.IO.FileSystem.dll</ModulePath>
      <ModuleTime>2017-04-28T17:14:42Z</ModuleTime>
      <ModuleName>System.IO.FileSystem</ModuleName>
      <Files />
      <Classes />
    </Module>
    <Module skippedDueTo="Filter" hash="78-80-49-A8-7E-78-47-11-2F-9D-DF-26-A7-C7-23-0B-07-D3-78-A0">
      <ModulePath>C:\Program Files\dotnet\shared\Microsoft.NETCore.App\1.1.2\System.IO.FileSystem.Primitives.dll</ModulePath>
      <ModuleTime>2017-04-28T17:14:42Z</ModuleTime>
      <ModuleName>System.IO.FileSystem.Primitives</ModuleName>
      <Files />
      <Classes />
    </Module>
    <Module skippedDueTo="Filter" hash="6C-69-37-07-42-15-E1-41-36-7E-A8-CD-A5-6A-B0-A5-3F-62-F6-B8">
      <ModulePath>C:\Program Files\dotnet\shared\Microsoft.NETCore.App\1.1.2\System.Globalization.dll</ModulePath>
      <ModuleTime>2017-04-28T17:14:42Z</ModuleTime>
      <ModuleName>System.Globalization</ModuleName>
      <Files />
      <Classes />
    </Module>
    <Module skippedDueTo="Filter" hash="2E-9C-4F-C8-C5-63-7E-0C-9E-66-DC-25-79-DE-D3-0C-0C-64-60-9B">
      <ModulePath>C:\Program Files\dotnet\sdk\1.0.4\Microsoft.Build.Framework.dll</ModulePath>
      <ModuleTime>2017-05-04T20:17:40Z</ModuleTime>
      <ModuleName>Microsoft.Build.Framework</ModuleName>
      <Files />
      <Classes />
    </Module>
    <Module skippedDueTo="Filter" hash="D8-9C-DB-90-B6-A6-96-ED-46-4A-C7-83-61-D8-89-3C-5D-D0-66-B7">
      <ModulePath>C:\Program Files\dotnet\shared\Microsoft.NETCore.App\1.1.2\System.Console.dll</ModulePath>
      <ModuleTime>2017-04-28T17:14:42Z</ModuleTime>
      <ModuleName>System.Console</ModuleName>
      <Files />
      <Classes />
    </Module>
    <Module skippedDueTo="Filter" hash="F7-8F-A4-2F-64-69-5F-F0-AB-EF-BD-9A-D5-ED-C0-80-DE-EB-A0-60">
      <ModulePath>C:\Program Files\dotnet\sdk\1.0.4\System.Collections.NonGeneric.dll</ModulePath>
      <ModuleTime>2017-05-04T20:17:42Z</ModuleTime>
      <ModuleName>System.Collections.NonGeneric</ModuleName>
      <Files />
      <Classes />
    </Module>
    <Module skippedDueTo="Filter" hash="DC-5E-37-60-24-34-D8-6D-95-28-1E-67-1B-8C-55-71-CB-2E-F7-63">
      <ModulePath>C:\Program Files\dotnet\sdk\1.0.4\Microsoft.Build.dll</ModulePath>
      <ModuleTime>2017-05-04T20:17:40Z</ModuleTime>
      <ModuleName>Microsoft.Build</ModuleName>
      <Files />
      <Classes />
    </Module>
    <Module skippedDueTo="Filter" hash="B2-79-8E-42-79-66-46-E5-BB-FA-80-DB-A4-98-64-E6-F3-34-CE-87">
      <ModulePath>C:\Program Files\dotnet\shared\Microsoft.NETCore.App\1.1.2\System.Collections.Concurrent.dll</ModulePath>
      <ModuleTime>2017-04-28T17:14:42Z</ModuleTime>
      <ModuleName>System.Collections.Concurrent</ModuleName>
      <Files />
      <Classes />
    </Module>
    <Module skippedDueTo="Filter" hash="7C-14-BD-3D-65-43-69-69-E6-BF-9C-5A-33-56-67-FF-47-1A-62-19">
      <ModulePath>C:\Program Files\dotnet\sdk\1.0.4\dotnet.dll</ModulePath>
      <ModuleTime>2017-05-04T20:17:40Z</ModuleTime>
      <ModuleName>dotnet</ModuleName>
      <Files />
      <Classes />
    </Module>
    <Module skippedDueTo="Filter" hash="2C-C0-50-46-90-A8-A1-D6-EB-02-51-A8-52-5F-72-2B-B6-9E-3B-06">
      <ModulePath>C:\Program Files\dotnet\sdk\1.0.4\Microsoft.Build.Utilities.Core.dll</ModulePath>
      <ModuleTime>2017-05-04T20:17:40Z</ModuleTime>
      <ModuleName>Microsoft.Build.Utilities.Core</ModuleName>
      <Files />
      <Classes />
    </Module>
    <Module skippedDueTo="Filter" hash="6F-DF-E1-12-55-10-25-92-1E-08-38-99-29-E1-D4-F3-EC-1D-10-42">
      <ModulePath>C:\Program Files\dotnet\sdk\1.0.4\Microsoft.DotNet.Cli.Utils.dll</ModulePath>
      <ModuleTime>2017-05-04T20:17:40Z</ModuleTime>
      <ModuleName>Microsoft.DotNet.Cli.Utils</ModuleName>
      <Files />
      <Classes />
    </Module>
    <Module skippedDueTo="Filter" hash="C0-D8-45-31-3B-9C-4A-3F-E2-70-00-F7-00-97-BB-C9-87-01-BA-45">
      <ModulePath>C:\Program Files\dotnet\sdk\1.0.4\NuGet.Frameworks.dll</ModulePath>
      <ModuleTime>2017-05-04T20:17:42Z</ModuleTime>
      <ModuleName>NuGet.Frameworks</ModuleName>
      <Files />
      <Classes />
    </Module>
    <Module skippedDueTo="Filter" hash="3B-D7-1E-C0-84-4C-02-CB-97-4A-8E-2A-A0-0A-52-F7-08-D3-F0-8A">
      <ModulePath>C:\Program Files\dotnet\shared\Microsoft.NETCore.App\1.1.2\System.Reflection.Extensions.dll</ModulePath>
      <ModuleTime>2017-04-28T17:14:42Z</ModuleTime>
      <ModuleName>System.Reflection.Extensions</ModuleName>
      <Files />
      <Classes />
    </Module>
    <Module skippedDueTo="Filter" hash="6B-C9-1F-44-F1-C2-4C-98-F5-A5-19-B8-2A-70-08-48-3F-5A-A7-35">
      <ModulePath>C:\Program Files\dotnet\sdk\1.0.4\Microsoft.DotNet.Configurer.dll</ModulePath>
      <ModuleTime>2017-05-04T20:17:40Z</ModuleTime>
      <ModuleName>Microsoft.DotNet.Configurer</ModuleName>
      <Files />
      <Classes />
    </Module>
    <Module skippedDueTo="Filter" hash="5F-C1-69-74-13-72-C8-69-40-24-F1-02-2D-13-C9-8A-F8-69-8C-40">
      <ModulePath>C:\Program Files\dotnet\sdk\1.0.4\Microsoft.DotNet.InternalAbstractions.dll</ModulePath>
      <ModuleTime>2017-05-04T20:17:40Z</ModuleTime>
      <ModuleName>Microsoft.DotNet.InternalAbstractions</ModuleName>
      <Files />
      <Classes />
    </Module>
    <Module skippedDueTo="Filter" hash="C8-79-5B-B1-CD-2D-1C-1E-B3-60-B0-0A-AD-AD-19-80-70-7C-AC-BF">
      <ModulePath>C:\Program Files\dotnet\sdk\1.0.4\NuGet.Configuration.dll</ModulePath>
      <ModuleTime>2017-05-04T20:17:42Z</ModuleTime>
      <ModuleName>NuGet.Configuration</ModuleName>
      <Files />
      <Classes />
    </Module>
    <Module skippedDueTo="Filter" hash="D9-93-DE-EF-CB-9F-82-97-40-07-79-FE-CC-B3-06-E2-BB-2F-5B-EA">
      <ModulePath>C:\Program Files\dotnet\sdk\1.0.4\NuGet.Common.dll</ModulePath>
      <ModuleTime>2017-05-04T20:17:42Z</ModuleTime>
      <ModuleName>NuGet.Common</ModuleName>
      <Files />
      <Classes />
    </Module>
    <Module skippedDueTo="Filter" hash="78-5D-99-A3-90-D6-7D-1F-16-D9-6A-06-F5-95-F6-71-7F-58-02-21">
      <ModulePath>C:\Program Files\dotnet\shared\Microsoft.NETCore.App\1.1.2\System.IO.dll</ModulePath>
      <ModuleTime>2017-04-28T17:14:42Z</ModuleTime>
      <ModuleName>System.IO</ModuleName>
      <Files />
      <Classes />
    </Module>
    <Module skippedDueTo="Filter" hash="2E-39-08-79-1D-C2-AA-88-46-E8-43-52-C6-3E-D7-EE-D5-96-CD-89">
      <ModulePath>C:\Program Files\dotnet\shared\Microsoft.NETCore.App\1.1.2\System.Threading.Tasks.dll</ModulePath>
      <ModuleTime>2017-04-28T17:14:44Z</ModuleTime>
      <ModuleName>System.Threading.Tasks</ModuleName>
      <Files />
      <Classes />
    </Module>
    <Module skippedDueTo="Filter" hash="82-AA-AB-21-2D-1F-5A-5D-76-88-BC-99-D2-AE-5F-27-5E-DE-40-3E">
      <ModulePath>C:\Program Files\dotnet\shared\Microsoft.NETCore.App\1.1.2\System.Text.Encoding.dll</ModulePath>
      <ModuleTime>2017-04-28T17:14:44Z</ModuleTime>
      <ModuleName>System.Text.Encoding</ModuleName>
      <Files />
      <Classes />
    </Module>
    <Module skippedDueTo="Filter" hash="CD-0E-F9-3C-4B-0E-27-4D-57-01-09-69-41-3A-A0-45-30-28-38-55">
      <ModulePath>C:\Program Files\dotnet\sdk\1.0.4\Microsoft.DotNet.PlatformAbstractions.dll</ModulePath>
      <ModuleTime>2017-05-04T20:17:40Z</ModuleTime>
      <ModuleName>Microsoft.DotNet.PlatformAbstractions</ModuleName>
      <Files />
      <Classes />
    </Module>
    <Module skippedDueTo="Filter" hash="CC-99-C9-08-66-31-C3-65-73-4B-3D-54-80-D9-17-F0-A3-79-96-74">
      <ModulePath>C:\Program Files\dotnet\shared\Microsoft.NETCore.App\1.1.2\System.Text.Encoding.Extensions.dll</ModulePath>
      <ModuleTime>2017-04-28T17:14:44Z</ModuleTime>
      <ModuleName>System.Text.Encoding.Extensions</ModuleName>
      <Files />
      <Classes />
    </Module>
    <Module skippedDueTo="Filter" hash="68-4F-FC-19-75-79-30-9B-C6-B1-01-25-47-BD-20-D8-D4-30-C9-1D">
      <ModulePath>C:\Program Files\dotnet\sdk\1.0.4\Microsoft.ApplicationInsights.dll</ModulePath>
      <ModuleTime>2017-05-04T20:17:40Z</ModuleTime>
      <ModuleName>Microsoft.ApplicationInsights</ModuleName>
      <Files />
      <Classes />
    </Module>
    <Module skippedDueTo="Filter" hash="0E-BC-DB-EA-6F-B6-35-F8-FE-F1-FE-47-90-D0-5B-FC-48-37-64-15">
      <ModulePath>C:\Program Files\dotnet\shared\Microsoft.NETCore.App\1.1.2\System.Xml.XDocument.dll</ModulePath>
      <ModuleTime>2017-04-28T17:14:44Z</ModuleTime>
      <ModuleName>System.Xml.XDocument</ModuleName>
      <Files />
      <Classes />
    </Module>
    <Module skippedDueTo="Filter" hash="3A-59-23-69-14-25-FD-1A-2B-F8-46-11-A9-A9-27-E3-DB-04-E6-3A">
      <ModulePath>C:\Program Files\dotnet\shared\Microsoft.NETCore.App\1.1.2\System.Diagnostics.Tracing.dll</ModulePath>
      <ModuleTime>2017-04-28T17:14:42Z</ModuleTime>
      <ModuleName>System.Diagnostics.Tracing</ModuleName>
      <Files />
      <Classes />
    </Module>
    <Module skippedDueTo="Filter" hash="EC-3F-DD-FA-6A-85-25-D4-08-20-13-BB-37-41-01-E4-CC-7E-77-18">
      <ModulePath>C:\Program Files\dotnet\shared\Microsoft.NETCore.App\1.1.2\System.Private.Uri.dll</ModulePath>
      <ModuleTime>2017-04-28T17:14:42Z</ModuleTime>
      <ModuleName>System.Private.Uri</ModuleName>
      <Files />
      <Classes />
    </Module>
    <Module skippedDueTo="Filter" hash="BA-85-18-37-1F-3E-E8-7F-BA-F2-C9-40-E1-5C-6E-4E-E4-59-E9-DD">
      <ModulePath>C:\Program Files\dotnet\shared\Microsoft.NETCore.App\1.1.2\System.Threading.Tasks.Dataflow.dll</ModulePath>
      <ModuleTime>2017-04-28T17:14:44Z</ModuleTime>
      <ModuleName>System.Threading.Tasks.Dataflow</ModuleName>
      <Files />
      <Classes />
    </Module>
    <Module skippedDueTo="Filter" hash="56-E7-FE-76-AE-7C-2C-1F-18-49-23-EF-CB-03-07-CF-59-B2-70-00">
      <ModulePath>C:\Program Files\dotnet\shared\Microsoft.NETCore.App\1.1.2\System.Resources.ResourceManager.dll</ModulePath>
      <ModuleTime>2017-04-28T17:14:42Z</ModuleTime>
      <ModuleName>System.Resources.ResourceManager</ModuleName>
      <Files />
      <Classes />
    </Module>
    <Module skippedDueTo="Filter" hash="0C-9C-6E-C8-BB-14-8F-D9-84-AB-05-C3-62-92-0B-D2-DD-A3-CF-F7">
      <ModulePath>C:\Program Files\dotnet\shared\Microsoft.NETCore.App\1.1.2\System.ObjectModel.dll</ModulePath>
      <ModuleTime>2017-04-28T17:14:42Z</ModuleTime>
      <ModuleName>System.ObjectModel</ModuleName>
      <Files />
      <Classes />
    </Module>
    <Module skippedDueTo="Filter" hash="33-C3-42-45-CA-9E-02-9A-68-90-00-51-45-EF-3F-DB-CF-02-99-86">
      <ModulePath>C:\Program Files\dotnet\shared\Microsoft.NETCore.App\1.1.2\System.Threading.Thread.dll</ModulePath>
      <ModuleTime>2017-04-28T17:14:44Z</ModuleTime>
      <ModuleName>System.Threading.Thread</ModuleName>
      <Files />
      <Classes />
    </Module>
    <Module skippedDueTo="Filter" hash="ED-44-0C-52-83-56-5A-A4-F7-3F-CF-A6-14-00-2E-CC-69-29-77-45">
      <ModulePath>C:\Program Files\dotnet\shared\Microsoft.NETCore.App\1.1.2\System.Xml.ReaderWriter.dll</ModulePath>
      <ModuleTime>2017-04-28T17:14:44Z</ModuleTime>
      <ModuleName>System.Xml.ReaderWriter</ModuleName>
      <Files />
      <Classes />
    </Module>
    <Module skippedDueTo="Filter" hash="E4-36-B3-6D-2F-DC-ED-1B-71-D0-E0-50-BC-D8-57-EE-3E-42-E7-93">
      <ModulePath>C:\Program Files\dotnet\sdk\1.0.4\System.Xml.XmlDocument.dll</ModulePath>
      <ModuleTime>2017-05-04T20:17:42Z</ModuleTime>
      <ModuleName>System.Xml.XmlDocument</ModuleName>
      <Files />
      <Classes />
    </Module>
    <Module skippedDueTo="Filter" hash="BC-CE-1D-B5-26-1A-F7-ED-59-2F-FB-AB-2E-B3-35-FE-4C-63-0C-F7">
      <ModulePath>C:\Program Files\dotnet\shared\Microsoft.NETCore.App\1.1.2\System.Reflection.Primitives.dll</ModulePath>
      <ModuleTime>2017-04-28T17:14:42Z</ModuleTime>
      <ModuleName>System.Reflection.Primitives</ModuleName>
      <Files />
      <Classes />
    </Module>
    <Module skippedDueTo="Filter" hash="DB-31-91-3E-EF-62-EE-BA-70-0F-41-1A-18-51-FD-2C-81-39-93-7C">
      <ModulePath>C:\Program Files\dotnet\sdk\1.0.4\System.Collections.Immutable.dll</ModulePath>
      <ModuleTime>2017-05-04T20:17:42Z</ModuleTime>
      <ModuleName>System.Collections.Immutable</ModuleName>
      <Files />
      <Classes />
    </Module>
    <Module skippedDueTo="Filter" hash="00-5E-6D-65-9F-28-A8-8E-D5-F6-0E-D4-80-65-55-EF-CE-E0-2B-01">
      <ModulePath>C:\Program Files\dotnet\sdk\1.0.4\Microsoft.Build.Tasks.Core.dll</ModulePath>
      <ModuleTime>2017-05-04T20:17:40Z</ModuleTime>
      <ModuleName>Microsoft.Build.Tasks.Core</ModuleName>
      <Files />
      <Classes />
    </Module>
    <Module skippedDueTo="Filter" hash="AE-AD-3B-80-99-90-A1-6A-C4-A6-6F-53-DF-6F-FF-7E-D0-BF-D4-26">
      <ModulePath>C:\Program Files\dotnet\sdk\1.0.4\Microsoft.TestPlatform.Build.dll</ModulePath>
      <ModuleTime>2017-05-04T20:17:40Z</ModuleTime>
      <ModuleName>Microsoft.TestPlatform.Build</ModuleName>
      <Files />
      <Classes />
    </Module>
    <Module skippedDueTo="Filter" hash="AB-13-45-4D-B0-F4-50-D1-05-4D-4B-20-4A-38-91-7D-70-F7-0C-D8">
      <ModulePath>C:\Program Files\dotnet\shared\Microsoft.NETCore.App\1.1.2\System.Threading.ThreadPool.dll</ModulePath>
      <ModuleTime>2017-04-28T17:14:44Z</ModuleTime>
      <ModuleName>System.Threading.ThreadPool</ModuleName>
      <Files />
      <Classes />
    </Module>
    <Module skippedDueTo="Filter" hash="F3-70-6B-67-DF-E6-5C-1D-D6-F8-AB-B5-FA-33-AD-F0-00-C9-34-CB">
      <ModulePath>C:\Program Files\dotnet\shared\Microsoft.NETCore.App\1.1.2\System.Runtime.Loader.dll</ModulePath>
      <ModuleTime>2017-04-28T17:14:42Z</ModuleTime>
      <ModuleName>System.Runtime.Loader</ModuleName>
      <Files />
      <Classes />
    </Module>
    <Module skippedDueTo="Filter" hash="8B-C5-96-AE-02-58-C4-E1-56-64-99-2D-0F-58-91-1A-1C-38-50-14">
      <ModulePath>C:\Program Files\dotnet\sdk\1.0.4\Sdks\Microsoft.NET.Sdk\build\..\tools\netcoreapp1.0/Microsoft.NET.Build.Tasks.dll</ModulePath>
      <ModuleTime>2017-05-04T20:17:40Z</ModuleTime>
      <ModuleName>Microsoft.NET.Build.Tasks</ModuleName>
      <Files />
      <Classes />
    </Module>
    <Module skippedDueTo="Filter" hash="ED-67-2C-98-AC-25-20-8C-83-63-23-89-6E-CB-A2-E0-CA-6E-05-DC">
      <ModulePath>C:\Program Files\dotnet\sdk\1.0.4\NuGet.ProjectModel.dll</ModulePath>
      <ModuleTime>2017-05-04T20:17:42Z</ModuleTime>
      <ModuleName>NuGet.ProjectModel</ModuleName>
      <Files />
      <Classes />
    </Module>
    <Module skippedDueTo="Filter" hash="E0-70-3A-41-D3-8B-F7-EE-B3-FF-FE-AC-79-8E-33-B3-1E-75-5F-78">
      <ModulePath>C:\Program Files\dotnet\sdk\1.0.4\Newtonsoft.Json.dll</ModulePath>
      <ModuleTime>2017-05-04T20:14:40Z</ModuleTime>
      <ModuleName>Newtonsoft.Json</ModuleName>
      <Files />
      <Classes />
    </Module>
    <Module skippedDueTo="Filter" hash="19-9B-36-F3-9B-5D-D4-BA-DC-F0-86-22-BE-07-C3-D3-1F-20-85-51">
      <ModulePath>C:\Program Files\dotnet\shared\Microsoft.NETCore.App\1.1.2\System.Dynamic.Runtime.dll</ModulePath>
      <ModuleTime>2017-04-28T17:14:42Z</ModuleTime>
      <ModuleName>System.Dynamic.Runtime</ModuleName>
      <Files />
      <Classes />
    </Module>
    <Module skippedDueTo="Filter" hash="A4-26-C9-6D-38-FB-E9-0E-16-9E-D2-32-9E-E1-7B-75-39-C8-ED-A6">
      <ModulePath>C:\Program Files\dotnet\shared\Microsoft.NETCore.App\1.1.2\System.Linq.Expressions.dll</ModulePath>
      <ModuleTime>2017-04-28T17:14:42Z</ModuleTime>
      <ModuleName>System.Linq.Expressions</ModuleName>
      <Files />
      <Classes />
    </Module>
    <Module skippedDueTo="Filter" hash="B7-1C-46-1B-A6-BD-F0-76-21-89-27-9A-40-1C-39-EC-1C-7F-EB-D2">
      <ModulePath>C:\Program Files\dotnet\sdk\1.0.4\NuGet.Versioning.dll</ModulePath>
      <ModuleTime>2017-05-04T20:17:42Z</ModuleTime>
      <ModuleName>NuGet.Versioning</ModuleName>
      <Files />
      <Classes />
    </Module>
    <Module skippedDueTo="Filter" hash="24-1F-DD-16-98-21-60-F9-C1-1D-18-D3-0A-A8-30-94-5C-F9-84-B5">
      <ModulePath>C:\Program Files\dotnet\sdk\1.0.4\NuGet.Packaging.Core.Types.dll</ModulePath>
      <ModuleTime>2017-05-04T20:17:42Z</ModuleTime>
      <ModuleName>NuGet.Packaging.Core.Types</ModuleName>
      <Files />
      <Classes />
    </Module>
    <Module skippedDueTo="Filter" hash="21-96-02-7D-6F-14-12-55-D9-7E-E3-F5-D7-38-21-09-DF-98-E9-88">
      <ModulePath>C:\Program Files\dotnet\sdk\1.0.4\NuGet.LibraryModel.dll</ModulePath>
      <ModuleTime>2017-05-04T20:17:42Z</ModuleTime>
      <ModuleName>NuGet.LibraryModel</ModuleName>
      <Files />
      <Classes />
    </Module>
    <Module skippedDueTo="Filter" hash="A4-99-59-94-C9-D1-FB-A0-48-4E-03-48-80-D0-34-B1-6F-B9-03-68">
      <ModulePath>C:\Program Files\dotnet\sdk\1.0.4\NuGet.Packaging.Core.dll</ModulePath>
      <ModuleTime>2017-05-04T20:17:42Z</ModuleTime>
      <ModuleName>NuGet.Packaging.Core</ModuleName>
      <Files />
      <Classes />
    </Module>
    <Module skippedDueTo="Filter" hash="82-B6-F8-48-39-94-C6-A2-28-C8-3A-1D-E2-3A-79-F4-8D-15-24-BD">
      <ModulePath>C:\Program Files\dotnet\sdk\1.0.4\NuGet.RuntimeModel.dll</ModulePath>
      <ModuleTime>2017-05-04T20:17:42Z</ModuleTime>
      <ModuleName>NuGet.RuntimeModel</ModuleName>
      <Files />
      <Classes />
    </Module>
    <Module skippedDueTo="Filter" hash="0B-CF-4A-23-51-2F-01-F6-67-F4-3F-F2-1D-2A-6A-04-1B-D4-49-64">
      <ModulePath>C:\Program Files\dotnet\sdk\1.0.4\NuGet.Packaging.dll</ModulePath>
      <ModuleTime>2017-05-04T20:17:42Z</ModuleTime>
      <ModuleName>NuGet.Packaging</ModuleName>
      <Files />
      <Classes />
    </Module>
    <Module skippedDueTo="Filter" hash="AC-97-92-23-BC-4F-E6-9E-93-CB-BA-90-DB-83-B1-55-1B-BD-75-6D">
      <ModulePath>C:\Program Files\dotnet\sdk\1.0.4\runtimes\win\lib\netstandard1.3\System.IO.Pipes.dll</ModulePath>
      <ModuleTime>2017-05-04T20:17:42Z</ModuleTime>
      <ModuleName>System.IO.Pipes</ModuleName>
      <Files />
      <Classes />
    </Module>
    <Module skippedDueTo="Filter" hash="F6-70-5A-4A-3D-3B-8F-AB-38-1B-F7-15-8E-65-3E-CC-49-18-6A-EB">
      <ModulePath>C:\Program Files\dotnet\shared\Microsoft.NETCore.App\1.1.2\System.Private.CoreLib.ni.dll</ModulePath>
      <ModuleTime>2017-04-28T17:14:44Z</ModuleTime>
      <ModuleName>System.Private.CoreLib</ModuleName>
      <Files />
      <Classes />
    </Module>
    <Module skippedDueTo="Filter" hash="90-C4-B0-76-CC-5D-95-44-F4-66-F9-9C-07-FF-B1-67-42-92-04-F7">
      <ModulePath>C:\Program Files\dotnet\sdk\1.0.4\System.Reflection.Metadata.dll</ModulePath>
      <ModuleTime>2017-05-04T20:17:42Z</ModuleTime>
      <ModuleName>System.Reflection.Metadata</ModuleName>
      <Files />
      <Classes />
    </Module>
    <Module skippedDueTo="Filter" hash="96-56-69-A3-E0-D9-40-CE-59-42-D4-C5-D9-A2-8D-F4-42-E9-25-0F">
      <ModulePath>C:\Program Files\dotnet\shared\Microsoft.NETCore.App\1.1.2\System.IO.MemoryMappedFiles.dll</ModulePath>
      <ModuleTime>2017-04-28T17:14:42Z</ModuleTime>
      <ModuleName>System.IO.MemoryMappedFiles</ModuleName>
      <Files />
      <Classes />
    </Module>
    <Module skippedDueTo="Filter" hash="79-27-A4-64-B0-4E-8F-BF-E1-BA-32-B2-E3-0B-1E-20-BD-35-3C-CB">
      <ModulePath>C:\Program Files\dotnet\shared\Microsoft.NETCore.App\1.1.2\System.IO.UnmanagedMemoryStream.dll</ModulePath>
      <ModuleTime>2017-04-28T17:14:42Z</ModuleTime>
      <ModuleName>System.IO.UnmanagedMemoryStream</ModuleName>
      <Files />
      <Classes />
    </Module>
    <Module skippedDueTo="Filter" hash="92-3A-A0-1E-C0-A4-51-94-88-6C-76-D2-0F-2B-EF-F7-25-4B-F7-9E">
      <ModulePath>C:\Program Files\dotnet\sdk\1.0.4\MSBuild.dll</ModulePath>
      <ModuleTime>2017-05-04T20:17:42Z</ModuleTime>
      <ModuleName>MSBuild</ModuleName>
      <Files />
      <Classes />
    </Module>
    <Module skippedDueTo="Filter" hash="10-F6-CF-D1-77-DC-83-45-0F-A7-94-89-E8-58-1A-94-0F-2D-39-99">
      <ModulePath>C:\Program Files\dotnet\shared\Microsoft.NETCore.App\1.1.2\System.Runtime.dll</ModulePath>
      <ModuleTime>2017-04-28T17:14:42Z</ModuleTime>
      <ModuleName>System.Runtime</ModuleName>
      <Files />
      <Classes />
    </Module>
    <Module skippedDueTo="Filter" hash="27-FD-01-1F-7F-91-44-AA-26-6D-B2-BA-60-A7-6F-B8-A6-7B-C4-87">
      <ModulePath>C:\Program Files\dotnet\shared\Microsoft.NETCore.App\1.1.2\mscorlib.dll</ModulePath>
      <ModuleTime>2017-04-11T15:56:10Z</ModuleTime>
      <ModuleName>mscorlib</ModuleName>
      <Files />
      <Classes />
    </Module>
    <Module skippedDueTo="Filter" hash="0A-1B-46-F2-8B-9B-C4-F3-5E-D4-87-5E-F5-35-40-B9-57-F5-74-DA">
      <ModulePath>C:\Program Files\dotnet\shared\Microsoft.NETCore.App\1.1.2\System.Threading.dll</ModulePath>
      <ModuleTime>2017-04-28T17:14:44Z</ModuleTime>
      <ModuleName>System.Threading</ModuleName>
      <Files />
      <Classes />
    </Module>
    <Module skippedDueTo="Filter" hash="55-88-D6-46-7F-54-65-DB-60-06-A3-82-60-D8-40-FB-BC-EC-D5-81">
      <ModulePath>C:\Program Files\dotnet\shared\Microsoft.NETCore.App\1.1.2\System.Reflection.dll</ModulePath>
      <ModuleTime>2017-04-28T17:14:42Z</ModuleTime>
      <ModuleName>System.Reflection</ModuleName>
      <Files />
      <Classes />
    </Module>
    <Module skippedDueTo="Filter" hash="48-CD-A8-F1-07-2A-81-32-33-9D-D3-62-EE-F0-D2-38-D3-6C-96-AD">
      <ModulePath>C:\Program Files\dotnet\shared\Microsoft.NETCore.App\1.1.2\System.Reflection.TypeExtensions.dll</ModulePath>
      <ModuleTime>2017-04-28T17:14:42Z</ModuleTime>
      <ModuleName>System.Reflection.TypeExtensions</ModuleName>
      <Files />
      <Classes />
    </Module>
    <Module skippedDueTo="Filter" hash="47-FA-BA-22-0D-94-47-3C-1E-3F-37-5C-92-22-E2-D7-C4-D6-3B-98">
      <ModulePath>C:\Program Files\dotnet\shared\Microsoft.NETCore.App\1.1.2\System.Runtime.Extensions.dll</ModulePath>
      <ModuleTime>2017-04-28T17:14:42Z</ModuleTime>
      <ModuleName>System.Runtime.Extensions</ModuleName>
      <Files />
      <Classes />
    </Module>
    <Module skippedDueTo="Filter" hash="03-F2-D5-B0-32-D5-7A-CC-E7-42-98-62-D1-42-44-7D-03-75-83-D7">
      <ModulePath>C:\Program Files\dotnet\shared\Microsoft.NETCore.App\1.1.2\System.Diagnostics.Process.dll</ModulePath>
      <ModuleTime>2017-04-28T17:14:42Z</ModuleTime>
      <ModuleName>System.Diagnostics.Process</ModuleName>
      <Files />
      <Classes />
    </Module>
    <Module skippedDueTo="Filter" hash="E3-3A-F1-CA-2D-90-BC-45-47-78-DC-4D-07-A5-90-1A-74-68-AC-FE">
      <ModulePath>C:\Program Files\dotnet\shared\Microsoft.NETCore.App\1.1.2\System.Runtime.InteropServices.dll</ModulePath>
      <ModuleTime>2017-04-28T17:14:42Z</ModuleTime>
      <ModuleName>System.Runtime.InteropServices</ModuleName>
      <Files />
      <Classes />
    </Module>
    <Module skippedDueTo="Filter" hash="34-9D-BB-FA-81-DE-34-62-81-3C-68-2E-DC-4F-D3-D4-0F-DC-3F-80">
      <ModulePath>C:\Program Files\dotnet\shared\Microsoft.NETCore.App\1.1.2\System.Runtime.Handles.dll</ModulePath>
      <ModuleTime>2017-04-28T17:14:42Z</ModuleTime>
      <ModuleName>System.Runtime.Handles</ModuleName>
      <Files />
      <Classes />
    </Module>
    <Module skippedDueTo="Filter" hash="69-74-54-38-65-8F-5E-25-7D-73-E4-86-34-E9-E0-BE-CD-BF-2C-3F">
      <ModulePath>C:\Program Files\dotnet\shared\Microsoft.NETCore.App\1.1.2\System.Collections.dll</ModulePath>
      <ModuleTime>2017-04-28T17:14:42Z</ModuleTime>
      <ModuleName>System.Collections</ModuleName>
      <Files />
      <Classes />
    </Module>
    <Module skippedDueTo="Filter" hash="64-11-3C-D9-70-FD-86-06-19-E7-CE-BB-44-52-18-81-48-85-9C-CA">
      <ModulePath>C:\Program Files\dotnet\shared\Microsoft.NETCore.App\1.1.2\System.Linq.dll</ModulePath>
      <ModuleTime>2017-04-28T17:14:42Z</ModuleTime>
      <ModuleName>System.Linq</ModuleName>
      <Files />
      <Classes />
    </Module>
    <Module skippedDueTo="Filter" hash="40-BC-A0-8B-FC-4B-6D-93-EC-A2-4F-36-D2-E1-21-59-B7-5F-BB-FF">
      <ModulePath>C:\Program Files\dotnet\shared\Microsoft.NETCore.App\1.1.2\System.Runtime.InteropServices.RuntimeInformation.dll</ModulePath>
      <ModuleTime>2017-04-28T17:14:42Z</ModuleTime>
      <ModuleName>System.Runtime.InteropServices.RuntimeInformation</ModuleName>
      <Files />
      <Classes />
    </Module>
    <Module skippedDueTo="Filter" hash="38-39-1F-62-2B-DA-FD-5B-F5-3F-96-7D-3E-21-2F-AB-54-22-A0-44">
      <ModulePath>C:\Program Files\dotnet\shared\Microsoft.NETCore.App\1.1.2\System.Text.RegularExpressions.dll</ModulePath>
      <ModuleTime>2017-04-28T17:14:44Z</ModuleTime>
      <ModuleName>System.Text.RegularExpressions</ModuleName>
      <Files />
      <Classes />
    </Module>
    <Module skippedDueTo="Filter" hash="DB-F6-C2-1A-63-0D-74-B8-1B-CC-5D-59-8D-EA-2C-09-55-13-40-1D">
      <ModulePath>C:\Program Files\dotnet\shared\Microsoft.NETCore.App\1.1.2\System.IO.FileSystem.dll</ModulePath>
      <ModuleTime>2017-04-28T17:14:42Z</ModuleTime>
      <ModuleName>System.IO.FileSystem</ModuleName>
      <Files />
      <Classes />
    </Module>
    <Module skippedDueTo="Filter" hash="78-80-49-A8-7E-78-47-11-2F-9D-DF-26-A7-C7-23-0B-07-D3-78-A0">
      <ModulePath>C:\Program Files\dotnet\shared\Microsoft.NETCore.App\1.1.2\System.IO.FileSystem.Primitives.dll</ModulePath>
      <ModuleTime>2017-04-28T17:14:42Z</ModuleTime>
      <ModuleName>System.IO.FileSystem.Primitives</ModuleName>
      <Files />
      <Classes />
    </Module>
    <Module skippedDueTo="Filter" hash="6C-69-37-07-42-15-E1-41-36-7E-A8-CD-A5-6A-B0-A5-3F-62-F6-B8">
      <ModulePath>C:\Program Files\dotnet\shared\Microsoft.NETCore.App\1.1.2\System.Globalization.dll</ModulePath>
      <ModuleTime>2017-04-28T17:14:42Z</ModuleTime>
      <ModuleName>System.Globalization</ModuleName>
      <Files />
      <Classes />
    </Module>
    <Module skippedDueTo="Filter" hash="2E-9C-4F-C8-C5-63-7E-0C-9E-66-DC-25-79-DE-D3-0C-0C-64-60-9B">
      <ModulePath>C:\Program Files\dotnet\sdk\1.0.4\Microsoft.Build.Framework.dll</ModulePath>
      <ModuleTime>2017-05-04T20:17:40Z</ModuleTime>
      <ModuleName>Microsoft.Build.Framework</ModuleName>
      <Files />
      <Classes />
    </Module>
    <Module skippedDueTo="Filter" hash="D8-9C-DB-90-B6-A6-96-ED-46-4A-C7-83-61-D8-89-3C-5D-D0-66-B7">
      <ModulePath>C:\Program Files\dotnet\shared\Microsoft.NETCore.App\1.1.2\System.Console.dll</ModulePath>
      <ModuleTime>2017-04-28T17:14:42Z</ModuleTime>
      <ModuleName>System.Console</ModuleName>
      <Files />
      <Classes />
    </Module>
    <Module skippedDueTo="Filter" hash="F7-8F-A4-2F-64-69-5F-F0-AB-EF-BD-9A-D5-ED-C0-80-DE-EB-A0-60">
      <ModulePath>C:\Program Files\dotnet\sdk\1.0.4\System.Collections.NonGeneric.dll</ModulePath>
      <ModuleTime>2017-05-04T20:17:42Z</ModuleTime>
      <ModuleName>System.Collections.NonGeneric</ModuleName>
      <Files />
      <Classes />
    </Module>
    <Module skippedDueTo="Filter" hash="DC-5E-37-60-24-34-D8-6D-95-28-1E-67-1B-8C-55-71-CB-2E-F7-63">
      <ModulePath>C:\Program Files\dotnet\sdk\1.0.4\Microsoft.Build.dll</ModulePath>
      <ModuleTime>2017-05-04T20:17:40Z</ModuleTime>
      <ModuleName>Microsoft.Build</ModuleName>
      <Files />
      <Classes />
    </Module>
    <Module skippedDueTo="Filter" hash="2E-39-08-79-1D-C2-AA-88-46-E8-43-52-C6-3E-D7-EE-D5-96-CD-89">
      <ModulePath>C:\Program Files\dotnet\shared\Microsoft.NETCore.App\1.1.2\System.Threading.Tasks.dll</ModulePath>
      <ModuleTime>2017-04-28T17:14:44Z</ModuleTime>
      <ModuleName>System.Threading.Tasks</ModuleName>
      <Files />
      <Classes />
    </Module>
    <Module skippedDueTo="Filter" hash="AC-97-92-23-BC-4F-E6-9E-93-CB-BA-90-DB-83-B1-55-1B-BD-75-6D">
      <ModulePath>C:\Program Files\dotnet\sdk\1.0.4\runtimes\win\lib\netstandard1.3\System.IO.Pipes.dll</ModulePath>
      <ModuleTime>2017-05-04T20:17:42Z</ModuleTime>
      <ModuleName>System.IO.Pipes</ModuleName>
      <Files />
      <Classes />
    </Module>
    <Module skippedDueTo="Filter" hash="CC-99-C9-08-66-31-C3-65-73-4B-3D-54-80-D9-17-F0-A3-79-96-74">
      <ModulePath>C:\Program Files\dotnet\shared\Microsoft.NETCore.App\1.1.2\System.Text.Encoding.Extensions.dll</ModulePath>
      <ModuleTime>2017-04-28T17:14:44Z</ModuleTime>
      <ModuleName>System.Text.Encoding.Extensions</ModuleName>
      <Files />
      <Classes />
    </Module>
    <Module skippedDueTo="Filter" hash="82-AA-AB-21-2D-1F-5A-5D-76-88-BC-99-D2-AE-5F-27-5E-DE-40-3E">
      <ModulePath>C:\Program Files\dotnet\shared\Microsoft.NETCore.App\1.1.2\System.Text.Encoding.dll</ModulePath>
      <ModuleTime>2017-04-28T17:14:44Z</ModuleTime>
      <ModuleName>System.Text.Encoding</ModuleName>
      <Files />
      <Classes />
    </Module>
    <Module skippedDueTo="Filter" hash="78-5D-99-A3-90-D6-7D-1F-16-D9-6A-06-F5-95-F6-71-7F-58-02-21">
      <ModulePath>C:\Program Files\dotnet\shared\Microsoft.NETCore.App\1.1.2\System.IO.dll</ModulePath>
      <ModuleTime>2017-04-28T17:14:42Z</ModuleTime>
      <ModuleName>System.IO</ModuleName>
      <Files />
      <Classes />
    </Module>
    <Module skippedDueTo="Filter" hash="33-C3-42-45-CA-9E-02-9A-68-90-00-51-45-EF-3F-DB-CF-02-99-86">
      <ModulePath>C:\Program Files\dotnet\shared\Microsoft.NETCore.App\1.1.2\System.Threading.Thread.dll</ModulePath>
      <ModuleTime>2017-04-28T17:14:44Z</ModuleTime>
      <ModuleName>System.Threading.Thread</ModuleName>
      <Files />
      <Classes />
    </Module>
    <Module skippedDueTo="Filter" hash="FC-53-73-D5-A9-A9-31-6A-68-BA-1B-85-DC-CC-1A-6A-F6-F6-A8-F0">
      <ModulePath>C:\Program Files\dotnet\shared\Microsoft.NETCore.App\1.1.2\System.Security.Cryptography.Algorithms.dll</ModulePath>
      <ModuleTime>2017-04-28T17:14:42Z</ModuleTime>
      <ModuleName>System.Security.Cryptography.Algorithms</ModuleName>
      <Files />
      <Classes />
    </Module>
    <Module skippedDueTo="Filter" hash="FA-EA-A5-46-19-4B-AF-1D-DA-8A-8A-47-88-8A-67-46-94-5F-D6-A1">
      <ModulePath>C:\Program Files\dotnet\shared\Microsoft.NETCore.App\1.1.2\System.Security.Cryptography.Primitives.dll</ModulePath>
      <ModuleTime>2017-04-28T17:14:44Z</ModuleTime>
      <ModuleName>System.Security.Cryptography.Primitives</ModuleName>
      <Files />
      <Classes />
    </Module>
    <Module skippedDueTo="Filter" hash="F6-70-5A-4A-3D-3B-8F-AB-38-1B-F7-15-8E-65-3E-CC-49-18-6A-EB">
      <ModulePath>C:\Program Files\dotnet\shared\Microsoft.NETCore.App\1.1.2\System.Private.CoreLib.ni.dll</ModulePath>
      <ModuleTime>2017-04-28T17:14:44Z</ModuleTime>
      <ModuleName>System.Private.CoreLib</ModuleName>
      <Files />
      <Classes />
    </Module>
    <Module skippedDueTo="Filter" hash="0C-9C-6E-C8-BB-14-8F-D9-84-AB-05-C3-62-92-0B-D2-DD-A3-CF-F7">
      <ModulePath>C:\Program Files\dotnet\shared\Microsoft.NETCore.App\1.1.2\System.ObjectModel.dll</ModulePath>
      <ModuleTime>2017-04-28T17:14:42Z</ModuleTime>
      <ModuleName>System.ObjectModel</ModuleName>
      <Files />
      <Classes />
    </Module>
    <Module skippedDueTo="Filter" hash="BA-85-18-37-1F-3E-E8-7F-BA-F2-C9-40-E1-5C-6E-4E-E4-59-E9-DD">
      <ModulePath>C:\Program Files\dotnet\shared\Microsoft.NETCore.App\1.1.2\System.Threading.Tasks.Dataflow.dll</ModulePath>
      <ModuleTime>2017-04-28T17:14:44Z</ModuleTime>
      <ModuleName>System.Threading.Tasks.Dataflow</ModuleName>
      <Files />
      <Classes />
    </Module>
    <Module skippedDueTo="Filter" hash="3A-59-23-69-14-25-FD-1A-2B-F8-46-11-A9-A9-27-E3-DB-04-E6-3A">
      <ModulePath>C:\Program Files\dotnet\shared\Microsoft.NETCore.App\1.1.2\System.Diagnostics.Tracing.dll</ModulePath>
      <ModuleTime>2017-04-28T17:14:42Z</ModuleTime>
      <ModuleName>System.Diagnostics.Tracing</ModuleName>
      <Files />
      <Classes />
    </Module>
    <Module skippedDueTo="Filter" hash="92-3A-A0-1E-C0-A4-51-94-88-6C-76-D2-0F-2B-EF-F7-25-4B-F7-9E">
      <ModulePath>C:\Program Files\dotnet\sdk\1.0.4\MSBuild.dll</ModulePath>
      <ModuleTime>2017-05-04T20:17:42Z</ModuleTime>
      <ModuleName>MSBuild</ModuleName>
      <Files />
      <Classes />
    </Module>
    <Module skippedDueTo="Filter" hash="10-F6-CF-D1-77-DC-83-45-0F-A7-94-89-E8-58-1A-94-0F-2D-39-99">
      <ModulePath>C:\Program Files\dotnet\shared\Microsoft.NETCore.App\1.1.2\System.Runtime.dll</ModulePath>
      <ModuleTime>2017-04-28T17:14:42Z</ModuleTime>
      <ModuleName>System.Runtime</ModuleName>
      <Files />
      <Classes />
    </Module>
    <Module skippedDueTo="Filter" hash="27-FD-01-1F-7F-91-44-AA-26-6D-B2-BA-60-A7-6F-B8-A6-7B-C4-87">
      <ModulePath>C:\Program Files\dotnet\shared\Microsoft.NETCore.App\1.1.2\mscorlib.dll</ModulePath>
      <ModuleTime>2017-04-11T15:56:10Z</ModuleTime>
      <ModuleName>mscorlib</ModuleName>
      <Files />
      <Classes />
    </Module>
    <Module skippedDueTo="Filter" hash="B2-79-8E-42-79-66-46-E5-BB-FA-80-DB-A4-98-64-E6-F3-34-CE-87">
      <ModulePath>C:\Program Files\dotnet\shared\Microsoft.NETCore.App\1.1.2\System.Collections.Concurrent.dll</ModulePath>
      <ModuleTime>2017-04-28T17:14:42Z</ModuleTime>
      <ModuleName>System.Collections.Concurrent</ModuleName>
      <Files />
      <Classes />
    </Module>
    <Module skippedDueTo="Filter" hash="0A-1B-46-F2-8B-9B-C4-F3-5E-D4-87-5E-F5-35-40-B9-57-F5-74-DA">
      <ModulePath>C:\Program Files\dotnet\shared\Microsoft.NETCore.App\1.1.2\System.Threading.dll</ModulePath>
      <ModuleTime>2017-04-28T17:14:44Z</ModuleTime>
      <ModuleName>System.Threading</ModuleName>
      <Files />
      <Classes />
    </Module>
    <Module skippedDueTo="Filter" hash="55-88-D6-46-7F-54-65-DB-60-06-A3-82-60-D8-40-FB-BC-EC-D5-81">
      <ModulePath>C:\Program Files\dotnet\shared\Microsoft.NETCore.App\1.1.2\System.Reflection.dll</ModulePath>
      <ModuleTime>2017-04-28T17:14:42Z</ModuleTime>
      <ModuleName>System.Reflection</ModuleName>
      <Files />
      <Classes />
    </Module>
    <Module skippedDueTo="Filter" hash="48-CD-A8-F1-07-2A-81-32-33-9D-D3-62-EE-F0-D2-38-D3-6C-96-AD">
      <ModulePath>C:\Program Files\dotnet\shared\Microsoft.NETCore.App\1.1.2\System.Reflection.TypeExtensions.dll</ModulePath>
      <ModuleTime>2017-04-28T17:14:42Z</ModuleTime>
      <ModuleName>System.Reflection.TypeExtensions</ModuleName>
      <Files />
      <Classes />
    </Module>
    <Module skippedDueTo="Filter" hash="3B-D7-1E-C0-84-4C-02-CB-97-4A-8E-2A-A0-0A-52-F7-08-D3-F0-8A">
      <ModulePath>C:\Program Files\dotnet\shared\Microsoft.NETCore.App\1.1.2\System.Reflection.Extensions.dll</ModulePath>
      <ModuleTime>2017-04-28T17:14:42Z</ModuleTime>
      <ModuleName>System.Reflection.Extensions</ModuleName>
      <Files />
      <Classes />
    </Module>
    <Module skippedDueTo="Filter" hash="56-E7-FE-76-AE-7C-2C-1F-18-49-23-EF-CB-03-07-CF-59-B2-70-00">
      <ModulePath>C:\Program Files\dotnet\shared\Microsoft.NETCore.App\1.1.2\System.Resources.ResourceManager.dll</ModulePath>
      <ModuleTime>2017-04-28T17:14:42Z</ModuleTime>
      <ModuleName>System.Resources.ResourceManager</ModuleName>
      <Files />
      <Classes />
    </Module>
    <Module skippedDueTo="Filter" hash="47-FA-BA-22-0D-94-47-3C-1E-3F-37-5C-92-22-E2-D7-C4-D6-3B-98">
      <ModulePath>C:\Program Files\dotnet\shared\Microsoft.NETCore.App\1.1.2\System.Runtime.Extensions.dll</ModulePath>
      <ModuleTime>2017-04-28T17:14:42Z</ModuleTime>
      <ModuleName>System.Runtime.Extensions</ModuleName>
      <Files />
      <Classes />
    </Module>
    <Module skippedDueTo="Filter" hash="03-F2-D5-B0-32-D5-7A-CC-E7-42-98-62-D1-42-44-7D-03-75-83-D7">
      <ModulePath>C:\Program Files\dotnet\shared\Microsoft.NETCore.App\1.1.2\System.Diagnostics.Process.dll</ModulePath>
      <ModuleTime>2017-04-28T17:14:42Z</ModuleTime>
      <ModuleName>System.Diagnostics.Process</ModuleName>
      <Files />
      <Classes />
    </Module>
    <Module skippedDueTo="Filter" hash="E3-3A-F1-CA-2D-90-BC-45-47-78-DC-4D-07-A5-90-1A-74-68-AC-FE">
      <ModulePath>C:\Program Files\dotnet\shared\Microsoft.NETCore.App\1.1.2\System.Runtime.InteropServices.dll</ModulePath>
      <ModuleTime>2017-04-28T17:14:42Z</ModuleTime>
      <ModuleName>System.Runtime.InteropServices</ModuleName>
      <Files />
      <Classes />
    </Module>
    <Module skippedDueTo="Filter" hash="34-9D-BB-FA-81-DE-34-62-81-3C-68-2E-DC-4F-D3-D4-0F-DC-3F-80">
      <ModulePath>C:\Program Files\dotnet\shared\Microsoft.NETCore.App\1.1.2\System.Runtime.Handles.dll</ModulePath>
      <ModuleTime>2017-04-28T17:14:42Z</ModuleTime>
      <ModuleName>System.Runtime.Handles</ModuleName>
      <Files />
      <Classes />
    </Module>
    <Module skippedDueTo="Filter" hash="69-74-54-38-65-8F-5E-25-7D-73-E4-86-34-E9-E0-BE-CD-BF-2C-3F">
      <ModulePath>C:\Program Files\dotnet\shared\Microsoft.NETCore.App\1.1.2\System.Collections.dll</ModulePath>
      <ModuleTime>2017-04-28T17:14:42Z</ModuleTime>
      <ModuleName>System.Collections</ModuleName>
      <Files />
      <Classes />
    </Module>
    <Module skippedDueTo="Filter" hash="64-11-3C-D9-70-FD-86-06-19-E7-CE-BB-44-52-18-81-48-85-9C-CA">
      <ModulePath>C:\Program Files\dotnet\shared\Microsoft.NETCore.App\1.1.2\System.Linq.dll</ModulePath>
      <ModuleTime>2017-04-28T17:14:42Z</ModuleTime>
      <ModuleName>System.Linq</ModuleName>
      <Files />
      <Classes />
    </Module>
    <Module skippedDueTo="Filter" hash="40-BC-A0-8B-FC-4B-6D-93-EC-A2-4F-36-D2-E1-21-59-B7-5F-BB-FF">
      <ModulePath>C:\Program Files\dotnet\shared\Microsoft.NETCore.App\1.1.2\System.Runtime.InteropServices.RuntimeInformation.dll</ModulePath>
      <ModuleTime>2017-04-28T17:14:42Z</ModuleTime>
      <ModuleName>System.Runtime.InteropServices.RuntimeInformation</ModuleName>
      <Files />
      <Classes />
    </Module>
    <Module skippedDueTo="Filter" hash="38-39-1F-62-2B-DA-FD-5B-F5-3F-96-7D-3E-21-2F-AB-54-22-A0-44">
      <ModulePath>C:\Program Files\dotnet\shared\Microsoft.NETCore.App\1.1.2\System.Text.RegularExpressions.dll</ModulePath>
      <ModuleTime>2017-04-28T17:14:44Z</ModuleTime>
      <ModuleName>System.Text.RegularExpressions</ModuleName>
      <Files />
      <Classes />
    </Module>
    <Module skippedDueTo="Filter" hash="DB-F6-C2-1A-63-0D-74-B8-1B-CC-5D-59-8D-EA-2C-09-55-13-40-1D">
      <ModulePath>C:\Program Files\dotnet\shared\Microsoft.NETCore.App\1.1.2\System.IO.FileSystem.dll</ModulePath>
      <ModuleTime>2017-04-28T17:14:42Z</ModuleTime>
      <ModuleName>System.IO.FileSystem</ModuleName>
      <Files />
      <Classes />
    </Module>
    <Module skippedDueTo="Filter" hash="78-80-49-A8-7E-78-47-11-2F-9D-DF-26-A7-C7-23-0B-07-D3-78-A0">
      <ModulePath>C:\Program Files\dotnet\shared\Microsoft.NETCore.App\1.1.2\System.IO.FileSystem.Primitives.dll</ModulePath>
      <ModuleTime>2017-04-28T17:14:42Z</ModuleTime>
      <ModuleName>System.IO.FileSystem.Primitives</ModuleName>
      <Files />
      <Classes />
    </Module>
    <Module skippedDueTo="Filter" hash="6C-69-37-07-42-15-E1-41-36-7E-A8-CD-A5-6A-B0-A5-3F-62-F6-B8">
      <ModulePath>C:\Program Files\dotnet\shared\Microsoft.NETCore.App\1.1.2\System.Globalization.dll</ModulePath>
      <ModuleTime>2017-04-28T17:14:42Z</ModuleTime>
      <ModuleName>System.Globalization</ModuleName>
      <Files />
      <Classes />
    </Module>
    <Module skippedDueTo="Filter" hash="2E-9C-4F-C8-C5-63-7E-0C-9E-66-DC-25-79-DE-D3-0C-0C-64-60-9B">
      <ModulePath>C:\Program Files\dotnet\sdk\1.0.4\Microsoft.Build.Framework.dll</ModulePath>
      <ModuleTime>2017-05-04T20:17:40Z</ModuleTime>
      <ModuleName>Microsoft.Build.Framework</ModuleName>
      <Files />
      <Classes />
    </Module>
    <Module skippedDueTo="Filter" hash="D8-9C-DB-90-B6-A6-96-ED-46-4A-C7-83-61-D8-89-3C-5D-D0-66-B7">
      <ModulePath>C:\Program Files\dotnet\shared\Microsoft.NETCore.App\1.1.2\System.Console.dll</ModulePath>
      <ModuleTime>2017-04-28T17:14:42Z</ModuleTime>
      <ModuleName>System.Console</ModuleName>
      <Files />
      <Classes />
    </Module>
    <Module skippedDueTo="Filter" hash="F7-8F-A4-2F-64-69-5F-F0-AB-EF-BD-9A-D5-ED-C0-80-DE-EB-A0-60">
      <ModulePath>C:\Program Files\dotnet\sdk\1.0.4\System.Collections.NonGeneric.dll</ModulePath>
      <ModuleTime>2017-05-04T20:17:42Z</ModuleTime>
      <ModuleName>System.Collections.NonGeneric</ModuleName>
      <Files />
      <Classes />
    </Module>
    <Module skippedDueTo="Filter" hash="DC-5E-37-60-24-34-D8-6D-95-28-1E-67-1B-8C-55-71-CB-2E-F7-63">
      <ModulePath>C:\Program Files\dotnet\sdk\1.0.4\Microsoft.Build.dll</ModulePath>
      <ModuleTime>2017-05-04T20:17:40Z</ModuleTime>
      <ModuleName>Microsoft.Build</ModuleName>
      <Files />
      <Classes />
    </Module>
    <Module skippedDueTo="Filter" hash="2E-39-08-79-1D-C2-AA-88-46-E8-43-52-C6-3E-D7-EE-D5-96-CD-89">
      <ModulePath>C:\Program Files\dotnet\shared\Microsoft.NETCore.App\1.1.2\System.Threading.Tasks.dll</ModulePath>
      <ModuleTime>2017-04-28T17:14:44Z</ModuleTime>
      <ModuleName>System.Threading.Tasks</ModuleName>
      <Files />
      <Classes />
    </Module>
    <Module skippedDueTo="Filter" hash="AC-97-92-23-BC-4F-E6-9E-93-CB-BA-90-DB-83-B1-55-1B-BD-75-6D">
      <ModulePath>C:\Program Files\dotnet\sdk\1.0.4\runtimes\win\lib\netstandard1.3\System.IO.Pipes.dll</ModulePath>
      <ModuleTime>2017-05-04T20:17:42Z</ModuleTime>
      <ModuleName>System.IO.Pipes</ModuleName>
      <Files />
      <Classes />
    </Module>
    <Module skippedDueTo="Filter" hash="CC-99-C9-08-66-31-C3-65-73-4B-3D-54-80-D9-17-F0-A3-79-96-74">
      <ModulePath>C:\Program Files\dotnet\shared\Microsoft.NETCore.App\1.1.2\System.Text.Encoding.Extensions.dll</ModulePath>
      <ModuleTime>2017-04-28T17:14:44Z</ModuleTime>
      <ModuleName>System.Text.Encoding.Extensions</ModuleName>
      <Files />
      <Classes />
    </Module>
    <Module skippedDueTo="Filter" hash="82-AA-AB-21-2D-1F-5A-5D-76-88-BC-99-D2-AE-5F-27-5E-DE-40-3E">
      <ModulePath>C:\Program Files\dotnet\shared\Microsoft.NETCore.App\1.1.2\System.Text.Encoding.dll</ModulePath>
      <ModuleTime>2017-04-28T17:14:44Z</ModuleTime>
      <ModuleName>System.Text.Encoding</ModuleName>
      <Files />
      <Classes />
    </Module>
    <Module skippedDueTo="Filter" hash="78-5D-99-A3-90-D6-7D-1F-16-D9-6A-06-F5-95-F6-71-7F-58-02-21">
      <ModulePath>C:\Program Files\dotnet\shared\Microsoft.NETCore.App\1.1.2\System.IO.dll</ModulePath>
      <ModuleTime>2017-04-28T17:14:42Z</ModuleTime>
      <ModuleName>System.IO</ModuleName>
      <Files />
      <Classes />
    </Module>
    <Module skippedDueTo="Filter" hash="33-C3-42-45-CA-9E-02-9A-68-90-00-51-45-EF-3F-DB-CF-02-99-86">
      <ModulePath>C:\Program Files\dotnet\shared\Microsoft.NETCore.App\1.1.2\System.Threading.Thread.dll</ModulePath>
      <ModuleTime>2017-04-28T17:14:44Z</ModuleTime>
      <ModuleName>System.Threading.Thread</ModuleName>
      <Files />
      <Classes />
    </Module>
    <Module skippedDueTo="Filter" hash="E4-36-B3-6D-2F-DC-ED-1B-71-D0-E0-50-BC-D8-57-EE-3E-42-E7-93">
      <ModulePath>C:\Program Files\dotnet\sdk\1.0.4\System.Xml.XmlDocument.dll</ModulePath>
      <ModuleTime>2017-05-04T20:17:42Z</ModuleTime>
      <ModuleName>System.Xml.XmlDocument</ModuleName>
      <Files />
      <Classes />
    </Module>
    <Module skippedDueTo="Filter" hash="ED-44-0C-52-83-56-5A-A4-F7-3F-CF-A6-14-00-2E-CC-69-29-77-45">
      <ModulePath>C:\Program Files\dotnet\shared\Microsoft.NETCore.App\1.1.2\System.Xml.ReaderWriter.dll</ModulePath>
      <ModuleTime>2017-04-28T17:14:44Z</ModuleTime>
      <ModuleName>System.Xml.ReaderWriter</ModuleName>
      <Files />
      <Classes />
    </Module>
    <Module skippedDueTo="Filter" hash="EC-3F-DD-FA-6A-85-25-D4-08-20-13-BB-37-41-01-E4-CC-7E-77-18">
      <ModulePath>C:\Program Files\dotnet\shared\Microsoft.NETCore.App\1.1.2\System.Private.Uri.dll</ModulePath>
      <ModuleTime>2017-04-28T17:14:42Z</ModuleTime>
      <ModuleName>System.Private.Uri</ModuleName>
      <Files />
      <Classes />
    </Module>
    <Module skippedDueTo="Filter" hash="BC-CE-1D-B5-26-1A-F7-ED-59-2F-FB-AB-2E-B3-35-FE-4C-63-0C-F7">
      <ModulePath>C:\Program Files\dotnet\shared\Microsoft.NETCore.App\1.1.2\System.Reflection.Primitives.dll</ModulePath>
      <ModuleTime>2017-04-28T17:14:42Z</ModuleTime>
      <ModuleName>System.Reflection.Primitives</ModuleName>
      <Files />
      <Classes />
    </Module>
    <Module skippedDueTo="Filter" hash="2C-C0-50-46-90-A8-A1-D6-EB-02-51-A8-52-5F-72-2B-B6-9E-3B-06">
      <ModulePath>C:\Program Files\dotnet\sdk\1.0.4\Microsoft.Build.Utilities.Core.dll</ModulePath>
      <ModuleTime>2017-05-04T20:17:40Z</ModuleTime>
      <ModuleName>Microsoft.Build.Utilities.Core</ModuleName>
      <Files />
      <Classes />
    </Module>
    <Module skippedDueTo="Filter" hash="0C-9C-6E-C8-BB-14-8F-D9-84-AB-05-C3-62-92-0B-D2-DD-A3-CF-F7">
      <ModulePath>C:\Program Files\dotnet\shared\Microsoft.NETCore.App\1.1.2\System.ObjectModel.dll</ModulePath>
      <ModuleTime>2017-04-28T17:14:42Z</ModuleTime>
      <ModuleName>System.ObjectModel</ModuleName>
      <Files />
      <Classes />
    </Module>
    <Module skippedDueTo="Filter" hash="BA-85-18-37-1F-3E-E8-7F-BA-F2-C9-40-E1-5C-6E-4E-E4-59-E9-DD">
      <ModulePath>C:\Program Files\dotnet\shared\Microsoft.NETCore.App\1.1.2\System.Threading.Tasks.Dataflow.dll</ModulePath>
      <ModuleTime>2017-04-28T17:14:44Z</ModuleTime>
      <ModuleName>System.Threading.Tasks.Dataflow</ModuleName>
      <Files />
      <Classes />
    </Module>
    <Module skippedDueTo="Filter" hash="3A-59-23-69-14-25-FD-1A-2B-F8-46-11-A9-A9-27-E3-DB-04-E6-3A">
      <ModulePath>C:\Program Files\dotnet\shared\Microsoft.NETCore.App\1.1.2\System.Diagnostics.Tracing.dll</ModulePath>
      <ModuleTime>2017-04-28T17:14:42Z</ModuleTime>
      <ModuleName>System.Diagnostics.Tracing</ModuleName>
      <Files />
      <Classes />
    </Module>
    <Module skippedDueTo="Filter" hash="B2-79-8E-42-79-66-46-E5-BB-FA-80-DB-A4-98-64-E6-F3-34-CE-87">
      <ModulePath>C:\Program Files\dotnet\shared\Microsoft.NETCore.App\1.1.2\System.Collections.Concurrent.dll</ModulePath>
      <ModuleTime>2017-04-28T17:14:42Z</ModuleTime>
      <ModuleName>System.Collections.Concurrent</ModuleName>
      <Files />
      <Classes />
    </Module>
    <Module skippedDueTo="Filter" hash="DB-31-91-3E-EF-62-EE-BA-70-0F-41-1A-18-51-FD-2C-81-39-93-7C">
      <ModulePath>C:\Program Files\dotnet\sdk\1.0.4\System.Collections.Immutable.dll</ModulePath>
      <ModuleTime>2017-05-04T20:17:42Z</ModuleTime>
      <ModuleName>System.Collections.Immutable</ModuleName>
      <Files />
      <Classes />
    </Module>
    <Module skippedDueTo="Filter" hash="3B-D7-1E-C0-84-4C-02-CB-97-4A-8E-2A-A0-0A-52-F7-08-D3-F0-8A">
      <ModulePath>C:\Program Files\dotnet\shared\Microsoft.NETCore.App\1.1.2\System.Reflection.Extensions.dll</ModulePath>
      <ModuleTime>2017-04-28T17:14:42Z</ModuleTime>
      <ModuleName>System.Reflection.Extensions</ModuleName>
      <Files />
      <Classes />
    </Module>
    <Module skippedDueTo="Filter" hash="56-E7-FE-76-AE-7C-2C-1F-18-49-23-EF-CB-03-07-CF-59-B2-70-00">
      <ModulePath>C:\Program Files\dotnet\shared\Microsoft.NETCore.App\1.1.2\System.Resources.ResourceManager.dll</ModulePath>
      <ModuleTime>2017-04-28T17:14:42Z</ModuleTime>
      <ModuleName>System.Resources.ResourceManager</ModuleName>
      <Files />
      <Classes />
    </Module>
    <Module skippedDueTo="Filter" hash="E4-36-B3-6D-2F-DC-ED-1B-71-D0-E0-50-BC-D8-57-EE-3E-42-E7-93">
      <ModulePath>C:\Program Files\dotnet\sdk\1.0.4\System.Xml.XmlDocument.dll</ModulePath>
      <ModuleTime>2017-05-04T20:17:42Z</ModuleTime>
      <ModuleName>System.Xml.XmlDocument</ModuleName>
      <Files />
      <Classes />
    </Module>
    <Module skippedDueTo="Filter" hash="ED-44-0C-52-83-56-5A-A4-F7-3F-CF-A6-14-00-2E-CC-69-29-77-45">
      <ModulePath>C:\Program Files\dotnet\shared\Microsoft.NETCore.App\1.1.2\System.Xml.ReaderWriter.dll</ModulePath>
      <ModuleTime>2017-04-28T17:14:44Z</ModuleTime>
      <ModuleName>System.Xml.ReaderWriter</ModuleName>
      <Files />
      <Classes />
    </Module>
    <Module skippedDueTo="Filter" hash="EC-3F-DD-FA-6A-85-25-D4-08-20-13-BB-37-41-01-E4-CC-7E-77-18">
      <ModulePath>C:\Program Files\dotnet\shared\Microsoft.NETCore.App\1.1.2\System.Private.Uri.dll</ModulePath>
      <ModuleTime>2017-04-28T17:14:42Z</ModuleTime>
      <ModuleName>System.Private.Uri</ModuleName>
      <Files />
      <Classes />
    </Module>
    <Module skippedDueTo="Filter" hash="F3-70-6B-67-DF-E6-5C-1D-D6-F8-AB-B5-FA-33-AD-F0-00-C9-34-CB">
      <ModulePath>C:\Program Files\dotnet\shared\Microsoft.NETCore.App\1.1.2\System.Runtime.Loader.dll</ModulePath>
      <ModuleTime>2017-04-28T17:14:42Z</ModuleTime>
      <ModuleName>System.Runtime.Loader</ModuleName>
      <Files />
      <Classes />
    </Module>
    <Module skippedDueTo="Filter" hash="BC-CE-1D-B5-26-1A-F7-ED-59-2F-FB-AB-2E-B3-35-FE-4C-63-0C-F7">
      <ModulePath>C:\Program Files\dotnet\shared\Microsoft.NETCore.App\1.1.2\System.Reflection.Primitives.dll</ModulePath>
      <ModuleTime>2017-04-28T17:14:42Z</ModuleTime>
      <ModuleName>System.Reflection.Primitives</ModuleName>
      <Files />
      <Classes />
    </Module>
    <Module skippedDueTo="Filter" hash="8B-C5-96-AE-02-58-C4-E1-56-64-99-2D-0F-58-91-1A-1C-38-50-14">
      <ModulePath>C:\Program Files\dotnet\sdk\1.0.4\Sdks\Microsoft.NET.Sdk\build\..\tools\netcoreapp1.0/Microsoft.NET.Build.Tasks.dll</ModulePath>
      <ModuleTime>2017-05-04T20:17:40Z</ModuleTime>
      <ModuleName>Microsoft.NET.Build.Tasks</ModuleName>
      <Files />
      <Classes />
    </Module>
    <Module skippedDueTo="Filter" hash="ED-67-2C-98-AC-25-20-8C-83-63-23-89-6E-CB-A2-E0-CA-6E-05-DC">
      <ModulePath>C:\Program Files\dotnet\sdk\1.0.4\NuGet.ProjectModel.dll</ModulePath>
      <ModuleTime>2017-05-04T20:17:42Z</ModuleTime>
      <ModuleName>NuGet.ProjectModel</ModuleName>
      <Files />
      <Classes />
    </Module>
    <Module skippedDueTo="Filter" hash="00-5E-6D-65-9F-28-A8-8E-D5-F6-0E-D4-80-65-55-EF-CE-E0-2B-01">
      <ModulePath>C:\Program Files\dotnet\sdk\1.0.4\Microsoft.Build.Tasks.Core.dll</ModulePath>
      <ModuleTime>2017-05-04T20:17:40Z</ModuleTime>
      <ModuleName>Microsoft.Build.Tasks.Core</ModuleName>
      <Files />
      <Classes />
    </Module>
    <Module skippedDueTo="Filter" hash="2C-C0-50-46-90-A8-A1-D6-EB-02-51-A8-52-5F-72-2B-B6-9E-3B-06">
      <ModulePath>C:\Program Files\dotnet\sdk\1.0.4\Microsoft.Build.Utilities.Core.dll</ModulePath>
      <ModuleTime>2017-05-04T20:17:40Z</ModuleTime>
      <ModuleName>Microsoft.Build.Utilities.Core</ModuleName>
      <Files />
      <Classes />
    </Module>
    <Module skippedDueTo="Filter" hash="D9-93-DE-EF-CB-9F-82-97-40-07-79-FE-CC-B3-06-E2-BB-2F-5B-EA">
      <ModulePath>C:\Program Files\dotnet\sdk\1.0.4\NuGet.Common.dll</ModulePath>
      <ModuleTime>2017-05-04T20:17:42Z</ModuleTime>
      <ModuleName>NuGet.Common</ModuleName>
      <Files />
      <Classes />
    </Module>
    <Module skippedDueTo="Filter" hash="E0-70-3A-41-D3-8B-F7-EE-B3-FF-FE-AC-79-8E-33-B3-1E-75-5F-78">
      <ModulePath>C:\Program Files\dotnet\sdk\1.0.4\Newtonsoft.Json.dll</ModulePath>
      <ModuleTime>2017-05-04T20:14:40Z</ModuleTime>
      <ModuleName>Newtonsoft.Json</ModuleName>
      <Files />
      <Classes />
    </Module>
    <Module skippedDueTo="Filter" hash="19-9B-36-F3-9B-5D-D4-BA-DC-F0-86-22-BE-07-C3-D3-1F-20-85-51">
      <ModulePath>C:\Program Files\dotnet\shared\Microsoft.NETCore.App\1.1.2\System.Dynamic.Runtime.dll</ModulePath>
      <ModuleTime>2017-04-28T17:14:42Z</ModuleTime>
      <ModuleName>System.Dynamic.Runtime</ModuleName>
      <Files />
      <Classes />
    </Module>
    <Module skippedDueTo="Filter" hash="A4-26-C9-6D-38-FB-E9-0E-16-9E-D2-32-9E-E1-7B-75-39-C8-ED-A6">
      <ModulePath>C:\Program Files\dotnet\shared\Microsoft.NETCore.App\1.1.2\System.Linq.Expressions.dll</ModulePath>
      <ModuleTime>2017-04-28T17:14:42Z</ModuleTime>
      <ModuleName>System.Linq.Expressions</ModuleName>
      <Files />
      <Classes />
    </Module>
    <Module skippedDueTo="Filter" hash="C0-D8-45-31-3B-9C-4A-3F-E2-70-00-F7-00-97-BB-C9-87-01-BA-45">
      <ModulePath>C:\Program Files\dotnet\sdk\1.0.4\NuGet.Frameworks.dll</ModulePath>
      <ModuleTime>2017-05-04T20:17:42Z</ModuleTime>
      <ModuleName>NuGet.Frameworks</ModuleName>
      <Files />
      <Classes />
    </Module>
    <Module skippedDueTo="Filter" hash="B7-1C-46-1B-A6-BD-F0-76-21-89-27-9A-40-1C-39-EC-1C-7F-EB-D2">
      <ModulePath>C:\Program Files\dotnet\sdk\1.0.4\NuGet.Versioning.dll</ModulePath>
      <ModuleTime>2017-05-04T20:17:42Z</ModuleTime>
      <ModuleName>NuGet.Versioning</ModuleName>
      <Files />
      <Classes />
    </Module>
    <Module skippedDueTo="Filter" hash="DB-31-91-3E-EF-62-EE-BA-70-0F-41-1A-18-51-FD-2C-81-39-93-7C">
      <ModulePath>C:\Program Files\dotnet\sdk\1.0.4\System.Collections.Immutable.dll</ModulePath>
      <ModuleTime>2017-05-04T20:17:42Z</ModuleTime>
      <ModuleName>System.Collections.Immutable</ModuleName>
      <Files />
      <Classes />
    </Module>
    <Module skippedDueTo="Filter" hash="24-1F-DD-16-98-21-60-F9-C1-1D-18-D3-0A-A8-30-94-5C-F9-84-B5">
      <ModulePath>C:\Program Files\dotnet\sdk\1.0.4\NuGet.Packaging.Core.Types.dll</ModulePath>
      <ModuleTime>2017-05-04T20:17:42Z</ModuleTime>
      <ModuleName>NuGet.Packaging.Core.Types</ModuleName>
      <Files />
      <Classes />
    </Module>
    <Module skippedDueTo="Filter" hash="21-96-02-7D-6F-14-12-55-D9-7E-E3-F5-D7-38-21-09-DF-98-E9-88">
      <ModulePath>C:\Program Files\dotnet\sdk\1.0.4\NuGet.LibraryModel.dll</ModulePath>
      <ModuleTime>2017-05-04T20:17:42Z</ModuleTime>
      <ModuleName>NuGet.LibraryModel</ModuleName>
      <Files />
      <Classes />
    </Module>
    <Module skippedDueTo="Filter" hash="A4-99-59-94-C9-D1-FB-A0-48-4E-03-48-80-D0-34-B1-6F-B9-03-68">
      <ModulePath>C:\Program Files\dotnet\sdk\1.0.4\NuGet.Packaging.Core.dll</ModulePath>
      <ModuleTime>2017-05-04T20:17:42Z</ModuleTime>
      <ModuleName>NuGet.Packaging.Core</ModuleName>
      <Files />
      <Classes />
    </Module>
    <Module skippedDueTo="Filter" hash="82-B6-F8-48-39-94-C6-A2-28-C8-3A-1D-E2-3A-79-F4-8D-15-24-BD">
      <ModulePath>C:\Program Files\dotnet\sdk\1.0.4\NuGet.RuntimeModel.dll</ModulePath>
      <ModuleTime>2017-05-04T20:17:42Z</ModuleTime>
      <ModuleName>NuGet.RuntimeModel</ModuleName>
      <Files />
      <Classes />
    </Module>
    <Module skippedDueTo="Filter" hash="C8-79-5B-B1-CD-2D-1C-1E-B3-60-B0-0A-AD-AD-19-80-70-7C-AC-BF">
      <ModulePath>C:\Program Files\dotnet\sdk\1.0.4\NuGet.Configuration.dll</ModulePath>
      <ModuleTime>2017-05-04T20:17:42Z</ModuleTime>
      <ModuleName>NuGet.Configuration</ModuleName>
      <Files />
      <Classes />
    </Module>
    <Module skippedDueTo="Filter" hash="0B-CF-4A-23-51-2F-01-F6-67-F4-3F-F2-1D-2A-6A-04-1B-D4-49-64">
      <ModulePath>C:\Program Files\dotnet\sdk\1.0.4\NuGet.Packaging.dll</ModulePath>
      <ModuleTime>2017-05-04T20:17:42Z</ModuleTime>
      <ModuleName>NuGet.Packaging</ModuleName>
      <Files />
      <Classes />
    </Module>
    <Module skippedDueTo="Filter" hash="F3-70-6B-67-DF-E6-5C-1D-D6-F8-AB-B5-FA-33-AD-F0-00-C9-34-CB">
      <ModulePath>C:\Program Files\dotnet\shared\Microsoft.NETCore.App\1.1.2\System.Runtime.Loader.dll</ModulePath>
      <ModuleTime>2017-04-28T17:14:42Z</ModuleTime>
      <ModuleName>System.Runtime.Loader</ModuleName>
      <Files />
      <Classes />
    </Module>
    <Module skippedDueTo="Filter" hash="8B-C5-96-AE-02-58-C4-E1-56-64-99-2D-0F-58-91-1A-1C-38-50-14">
      <ModulePath>C:\Program Files\dotnet\sdk\1.0.4\Sdks\Microsoft.NET.Sdk\build\..\tools\netcoreapp1.0/Microsoft.NET.Build.Tasks.dll</ModulePath>
      <ModuleTime>2017-05-04T20:17:40Z</ModuleTime>
      <ModuleName>Microsoft.NET.Build.Tasks</ModuleName>
      <Files />
      <Classes />
    </Module>
    <Module skippedDueTo="Filter" hash="ED-67-2C-98-AC-25-20-8C-83-63-23-89-6E-CB-A2-E0-CA-6E-05-DC">
      <ModulePath>C:\Program Files\dotnet\sdk\1.0.4\NuGet.ProjectModel.dll</ModulePath>
      <ModuleTime>2017-05-04T20:17:42Z</ModuleTime>
      <ModuleName>NuGet.ProjectModel</ModuleName>
      <Files />
      <Classes />
    </Module>
    <Module skippedDueTo="Filter" hash="AB-13-45-4D-B0-F4-50-D1-05-4D-4B-20-4A-38-91-7D-70-F7-0C-D8">
[...]
              <BranchPoints />
              <MethodPoint xsi:type="SequencePoint" vc="0" uspid="181" ordinal="0" offset="0" sl="12" sc="9" el="12" ec="48" bec="0" bev="0" fileid="30" />
            </Method>
          </Methods>
        </Class>
      </Classes>
    </Module>
    <Module skippedDueTo="Filter" hash="71-64-B8-9D-9A-DC-C6-56-62-06-E6-EC-44-C8-6D-46-71-48-0D-7C">
      <ModulePath>C:\Program Files\dotnet\shared\Microsoft.NETCore.App\1.1.2\Microsoft.CodeAnalysis.dll</ModulePath>
      <ModuleTime>2017-04-28T17:14:42Z</ModuleTime>
      <ModuleName>Microsoft.CodeAnalysis</ModuleName>
      <Files />
      <Classes />
    </Module>
    <Module skippedDueTo="Filter" hash="53-56-E6-01-0C-EB-03-CF-02-00-68-36-B6-9F-0B-7D-16-4B-1F-AC">
      <ModulePath>C:\Program Files\dotnet\shared\Microsoft.NETCore.App\1.1.2\System.Reflection.Metadata.dll</ModulePath>
      <ModuleTime>2017-04-28T17:14:42Z</ModuleTime>
      <ModuleName>System.Reflection.Metadata</ModuleName>
      <Files />
      <Classes />
    </Module>
    <Module skippedDueTo="Filter" hash="A3-EB-3E-59-57-17-D0-37-CA-36-05-FF-A0-3B-59-18-A7-CC-C5-61">
      <ModulePath>C:\Program Files\dotnet\shared\Microsoft.NETCore.App\1.1.2\System.Collections.Immutable.dll</ModulePath>
      <ModuleTime>2017-04-28T17:14:42Z</ModuleTime>
      <ModuleName>System.Collections.Immutable</ModuleName>
      <Files />
      <Classes />
    </Module>
    <Module skippedDueTo="Filter" hash="54-EA-BB-3A-EC-62-4C-13-11-58-A6-B9-AB-E5-E8-E8-31-3D-87-D7">
      <ModulePath>C:\Program Files\dotnet\shared\Microsoft.NETCore.App\1.1.2\System.Runtime.Numerics.dll</ModulePath>
      <ModuleTime>2017-04-28T17:14:42Z</ModuleTime>
      <ModuleName>System.Runtime.Numerics</ModuleName>
      <Files />
      <Classes />
    </Module>
    <Module skippedDueTo="Filter" hash="82-4E-F8-18-5B-E3-F5-7C-55-E9-B5-70-2A-64-07-EE-17-41-A7-CA">
      <ModulePath>C:\Program Files\dotnet\shared\Microsoft.NETCore.App\1.1.2\Microsoft.CodeAnalysis.CSharp.dll</ModulePath>
      <ModuleTime>2017-04-28T17:14:42Z</ModuleTime>
      <ModuleName>Microsoft.CodeAnalysis.CSharp</ModuleName>
      <Files />
      <Classes />
    </Module>
    <Module skippedDueTo="Filter" hash="1F-C4-DF-63-8E-79-A1-01-6E-E3-D4-BB-3B-85-8F-CA-04-25-97-8A">
      <ModulePath>C:\Program Files\dotnet\shared\Microsoft.NETCore.App\1.1.2\Microsoft.CodeAnalysis.VisualBasic.dll</ModulePath>
      <ModuleTime>2017-04-28T17:14:44Z</ModuleTime>
      <ModuleName>Microsoft.CodeAnalysis.VisualBasic</ModuleName>
      <Files />
      <Classes />
    </Module>
    <Module skippedDueTo="Filter" hash="51-2F-D6-84-D8-A6-BD-56-44-1D-39-75-C7-94-88-B4-E6-EE-49-FD">
      <ModulePath>C:\Program Files\dotnet\shared\Microsoft.NETCore.App\1.1.2\Microsoft.CSharp.dll</ModulePath>
      <ModuleTime>2017-04-28T17:14:42Z</ModuleTime>
      <ModuleName>Microsoft.CSharp</ModuleName>
      <Files />
      <Classes />
    </Module>
    <Module skippedDueTo="Filter" hash="17-B0-51-66-CE-25-F9-22-9C-36-D7-71-53-0A-5A-E2-08-96-33-6A">
      <ModulePath>C:\Program Files\dotnet\shared\Microsoft.NETCore.App\1.1.2\Microsoft.VisualBasic.dll</ModulePath>
      <ModuleTime>2017-04-28T17:14:42Z</ModuleTime>
      <ModuleName>Microsoft.VisualBasic</ModuleName>
      <Files />
      <Classes />
    </Module>
    <Module skippedDueTo="Filter" hash="59-9F-7D-FA-96-ED-0B-41-ED-FD-C9-2E-25-80-1B-1F-E0-2A-66-6F">
      <ModulePath>C:\Program Files\dotnet\shared\Microsoft.NETCore.App\1.1.2\Microsoft.Win32.Registry.dll</ModulePath>
      <ModuleTime>2017-04-28T17:14:42Z</ModuleTime>
      <ModuleName>Microsoft.Win32.Registry</ModuleName>
      <Files />
      <Classes />
    </Module>
    <Module skippedDueTo="Filter" hash="95-31-50-64-C3-65-6D-48-52-4C-C6-2C-74-B2-97-E9-97-84-AD-8A">
      <ModulePath>C:\Program Files\dotnet\shared\Microsoft.NETCore.App\1.1.2\System.Diagnostics.Tools.dll</ModulePath>
      <ModuleTime>2017-04-28T17:14:42Z</ModuleTime>
      <ModuleName>System.Diagnostics.Tools</ModuleName>
      <Files />
      <Classes />
    </Module>
    <Module skippedDueTo="Filter" hash="AA-CE-74-D6-DE-29-67-E0-3E-8D-BE-B8-59-F5-58-38-20-69-DE-F2">
      <ModulePath>C:\Program Files\dotnet\shared\Microsoft.NETCore.App\1.1.2\System.Globalization.Calendars.dll</ModulePath>
      <ModuleTime>2017-04-28T17:14:42Z</ModuleTime>
      <ModuleName>System.Globalization.Calendars</ModuleName>
      <Files />
      <Classes />
    </Module>
    <Module skippedDueTo="Filter" hash="D4-11-1C-F8-AD-8D-50-56-8A-E5-8F-60-8C-AD-D9-E7-1F-AA-63-94">
      <ModulePath>C:\Program Files\dotnet\shared\Microsoft.NETCore.App\1.1.2\SOS.NETCore.dll</ModulePath>
      <ModuleTime>2017-04-28T17:14:42Z</ModuleTime>
      <ModuleName>SOS.NETCore</ModuleName>
      <Files />
      <Classes />
    </Module>
    <Module skippedDueTo="Filter" hash="79-CA-61-62-F0-40-B9-2E-3D-34-CE-45-61-87-69-E5-38-49-4E-E0">
      <ModulePath>C:\Program Files\dotnet\shared\Microsoft.NETCore.App\1.1.2\System.Buffers.dll</ModulePath>
      <ModuleTime>2017-04-28T17:14:42Z</ModuleTime>
      <ModuleName>System.Buffers</ModuleName>
      <Files />
      <Classes />
    </Module>
    <Module skippedDueTo="Filter" hash="5A-10-EA-53-BB-1B-3C-B2-46-74-D0-23-43-23-B3-38-78-63-91-7A">
      <ModulePath>C:\Program Files\dotnet\shared\Microsoft.NETCore.App\1.1.2\System.Diagnostics.DiagnosticSource.dll</ModulePath>
      <ModuleTime>2017-04-28T17:14:42Z</ModuleTime>
      <ModuleName>System.Diagnostics.DiagnosticSource</ModuleName>
      <Files />
      <Classes />
    </Module>
    <Module skippedDueTo="Filter" hash="94-61-F8-A6-90-99-47-5C-1E-82-0E-40-50-13-0A-30-8D-15-43-D7">
      <ModulePath>C:\Program Files\dotnet\shared\Microsoft.NETCore.App\1.1.2\System.Diagnostics.FileVersionInfo.dll</ModulePath>
      <ModuleTime>2017-04-28T17:14:42Z</ModuleTime>
      <ModuleName>System.Diagnostics.FileVersionInfo</ModuleName>
      <Files />
      <Classes />
    </Module>
    <Module skippedDueTo="Filter" hash="E4-4C-9C-8D-4F-57-CD-1C-99-0A-C8-94-31-F1-D0-9F-71-56-1A-70">
      <ModulePath>C:\Program Files\dotnet\shared\Microsoft.NETCore.App\1.1.2\System.Diagnostics.StackTrace.dll</ModulePath>
      <ModuleTime>2017-04-28T17:14:42Z</ModuleTime>
      <ModuleName>System.Diagnostics.StackTrace</ModuleName>
      <Files />
      <Classes />
    </Module>
    <Module skippedDueTo="Filter" hash="55-CF-5B-21-AA-64-B0-10-D1-F1-13-00-8D-4F-2C-CF-BE-74-B3-4D">
      <ModulePath>C:\Program Files\dotnet\shared\Microsoft.NETCore.App\1.1.2\System.Globalization.Extensions.dll</ModulePath>
      <ModuleTime>2017-04-28T17:14:42Z</ModuleTime>
      <ModuleName>System.Globalization.Extensions</ModuleName>
      <Files />
      <Classes />
    </Module>
    <Module skippedDueTo="Filter" hash="0D-98-EB-0F-BD-11-84-BB-29-71-B0-04-62-CB-D0-01-DD-9D-54-D0">
      <ModulePath>C:\Program Files\dotnet\shared\Microsoft.NETCore.App\1.1.2\System.IO.Compression.dll</ModulePath>
      <ModuleTime>2017-04-28T17:14:42Z</ModuleTime>
      <ModuleName>System.IO.Compression</ModuleName>
      <Files />
      <Classes />
    </Module>
    <Module skippedDueTo="Filter" hash="D8-A2-D1-41-C1-45-71-C9-75-2C-0E-AB-7B-45-D9-52-24-F9-01-B6">
      <ModulePath>C:\Program Files\dotnet\shared\Microsoft.NETCore.App\1.1.2\System.IO.Compression.ZipFile.dll</ModulePath>
      <ModuleTime>2017-04-28T17:14:42Z</ModuleTime>
      <ModuleName>System.IO.Compression.ZipFile</ModuleName>
      <Files />
      <Classes />
    </Module>
    <Module skippedDueTo="Filter" hash="FC-C3-1D-10-E4-D0-FE-56-B7-4E-73-BD-67-63-FA-68-EF-50-B8-C1">
      <ModulePath>C:\Program Files\dotnet\shared\Microsoft.NETCore.App\1.1.2\System.IO.FileSystem.Watcher.dll</ModulePath>
      <ModuleTime>2017-04-28T17:14:42Z</ModuleTime>
      <ModuleName>System.IO.FileSystem.Watcher</ModuleName>
      <Files />
      <Classes />
    </Module>
    <Module skippedDueTo="Filter" hash="96-56-69-A3-E0-D9-40-CE-59-42-D4-C5-D9-A2-8D-F4-42-E9-25-0F">
      <ModulePath>C:\Program Files\dotnet\shared\Microsoft.NETCore.App\1.1.2\System.IO.MemoryMappedFiles.dll</ModulePath>
      <ModuleTime>2017-04-28T17:14:42Z</ModuleTime>
      <ModuleName>System.IO.MemoryMappedFiles</ModuleName>
      <Files />
      <Classes />
    </Module>
    <Module skippedDueTo="Filter" hash="79-27-A4-64-B0-4E-8F-BF-E1-BA-32-B2-E3-0B-1E-20-BD-35-3C-CB">
      <ModulePath>C:\Program Files\dotnet\shared\Microsoft.NETCore.App\1.1.2\System.IO.UnmanagedMemoryStream.dll</ModulePath>
      <ModuleTime>2017-04-28T17:14:42Z</ModuleTime>
      <ModuleName>System.IO.UnmanagedMemoryStream</ModuleName>
      <Files />
      <Classes />
    </Module>
    <Module skippedDueTo="Filter" hash="FC-32-D7-1B-85-EE-B0-10-5B-9C-CE-6F-E8-D3-40-EB-D9-63-00-26">
      <ModulePath>C:\Program Files\dotnet\shared\Microsoft.NETCore.App\1.1.2\System.Linq.Parallel.dll</ModulePath>
      <ModuleTime>2017-04-28T17:14:42Z</ModuleTime>
      <ModuleName>System.Linq.Parallel</ModuleName>
      <Files />
      <Classes />
    </Module>
    <Module skippedDueTo="Filter" hash="3C-EF-C0-CD-A5-F0-D1-32-C6-07-A0-E7-35-99-A5-1B-79-4D-D5-E3">
      <ModulePath>C:\Program Files\dotnet\shared\Microsoft.NETCore.App\1.1.2\System.Linq.Queryable.dll</ModulePath>
      <ModuleTime>2017-04-28T17:14:42Z</ModuleTime>
      <ModuleName>System.Linq.Queryable</ModuleName>
      <Files />
      <Classes />
    </Module>
    <Module skippedDueTo="Filter" hash="14-B7-8E-89-03-6B-78-3E-65-DB-01-95-27-A3-32-28-1E-E1-0E-99">
      <ModulePath>C:\Program Files\dotnet\shared\Microsoft.NETCore.App\1.1.2\System.Net.Http.dll</ModulePath>
      <ModuleTime>2017-04-28T17:14:42Z</ModuleTime>
      <ModuleName>System.Net.Http</ModuleName>
      <Files />
      <Classes />
    </Module>
    <Module skippedDueTo="Filter" hash="96-35-4E-82-AF-44-1D-32-F0-C4-FE-1B-59-9D-22-9D-7E-9C-DF-A4">
      <ModulePath>C:\Program Files\dotnet\shared\Microsoft.NETCore.App\1.1.2\System.Net.Requests.dll</ModulePath>
      <ModuleTime>2017-04-28T17:14:42Z</ModuleTime>
      <ModuleName>System.Net.Requests</ModuleName>
      <Files />
      <Classes />
    </Module>
    <Module skippedDueTo="Filter" hash="0A-B8-F2-9D-3D-C0-70-7D-D2-B1-90-85-D1-A6-9D-CB-56-61-26-87">
      <ModulePath>C:\Program Files\dotnet\shared\Microsoft.NETCore.App\1.1.2\System.Net.Security.dll</ModulePath>
      <ModuleTime>2017-04-28T17:14:42Z</ModuleTime>
      <ModuleName>System.Net.Security</ModuleName>
      <Files />
      <Classes />
    </Module>
    <Module skippedDueTo="Filter" hash="21-C9-8D-C8-5E-B8-B6-CC-1F-B3-BD-23-47-20-71-4E-30-6B-56-9B">
      <ModulePath>C:\Program Files\dotnet\shared\Microsoft.NETCore.App\1.1.2\System.Security.Cryptography.X509Certificates.dll</ModulePath>
      <ModuleTime>2017-04-28T17:14:44Z</ModuleTime>
      <ModuleName>System.Security.Cryptography.X509Certificates</ModuleName>
      <Files />
      <Classes />
    </Module>
    <Module skippedDueTo="Filter" hash="6D-E1-67-33-04-BA-97-36-53-92-FB-FF-A0-D1-26-35-A2-FB-59-CF">
      <ModulePath>C:\Program Files\dotnet\shared\Microsoft.NETCore.App\1.1.2\System.Net.WebHeaderCollection.dll</ModulePath>
      <ModuleTime>2017-04-28T17:14:42Z</ModuleTime>
      <ModuleName>System.Net.WebHeaderCollection</ModuleName>
      <Files />
      <Classes />
    </Module>
    <Module skippedDueTo="Filter" hash="A6-15-91-A4-66-47-85-A9-44-9E-84-34-0F-71-EF-E6-54-7D-D0-66">
      <ModulePath>C:\Program Files\dotnet\shared\Microsoft.NETCore.App\1.1.2\System.Numerics.Vectors.dll</ModulePath>
      <ModuleTime>2017-04-28T17:14:42Z</ModuleTime>
      <ModuleName>System.Numerics.Vectors</ModuleName>
      <Files />
      <Classes />
    </Module>
    <Module skippedDueTo="Filter" hash="8A-33-4F-3A-C9-40-97-CA-6C-B9-67-45-29-2A-F6-37-50-B1-64-FF">
      <ModulePath>C:\Program Files\dotnet\shared\Microsoft.NETCore.App\1.1.2\System.Reflection.DispatchProxy.dll</ModulePath>
      <ModuleTime>2017-04-28T17:14:42Z</ModuleTime>
      <ModuleName>System.Reflection.DispatchProxy</ModuleName>
      <Files />
      <Classes />
    </Module>
    <Module skippedDueTo="Filter" hash="1C-40-B6-FE-04-E7-17-C7-F6-8E-0E-D9-4F-52-DD-BF-B8-90-8E-62">
      <ModulePath>C:\Program Files\dotnet\shared\Microsoft.NETCore.App\1.1.2\System.Reflection.Emit.dll</ModulePath>
      <ModuleTime>2017-04-28T17:14:42Z</ModuleTime>
      <ModuleName>System.Reflection.Emit</ModuleName>
      <Files />
      <Classes />
    </Module>
    <Module skippedDueTo="Filter" hash="FA-AF-E1-CA-D2-AD-DD-35-47-C7-84-65-E4-9B-5C-D2-CC-0E-AB-E7">
      <ModulePath>C:\Program Files\dotnet\shared\Microsoft.NETCore.App\1.1.2\System.Resources.Reader.dll</ModulePath>
      <ModuleTime>2017-04-28T17:14:42Z</ModuleTime>
      <ModuleName>System.Resources.Reader</ModuleName>
      <Files />
      <Classes />
    </Module>
    <Module skippedDueTo="Filter" hash="92-0C-0D-A5-48-27-EC-43-CE-FF-32-D3-EA-9A-A3-18-F6-7F-E8-DE">
      <ModulePath>C:\Program Files\dotnet\shared\Microsoft.NETCore.App\1.1.2\System.Security.Claims.dll</ModulePath>
      <ModuleTime>2017-04-28T17:14:42Z</ModuleTime>
      <ModuleName>System.Security.Claims</ModuleName>
      <Files />
      <Classes />
    </Module>
    <Module skippedDueTo="Filter" hash="FC-53-73-D5-A9-A9-31-6A-68-BA-1B-85-DC-CC-1A-6A-F6-F6-A8-F0">
      <ModulePath>C:\Program Files\dotnet\shared\Microsoft.NETCore.App\1.1.2\System.Security.Cryptography.Algorithms.dll</ModulePath>
      <ModuleTime>2017-04-28T17:14:42Z</ModuleTime>
      <ModuleName>System.Security.Cryptography.Algorithms</ModuleName>
      <Files />
      <Classes />
    </Module>
    <Module skippedDueTo="Filter" hash="FA-EA-A5-46-19-4B-AF-1D-DA-8A-8A-47-88-8A-67-46-94-5F-D6-A1">
      <ModulePath>C:\Program Files\dotnet\shared\Microsoft.NETCore.App\1.1.2\System.Security.Cryptography.Primitives.dll</ModulePath>
      <ModuleTime>2017-04-28T17:14:44Z</ModuleTime>
      <ModuleName>System.Security.Cryptography.Primitives</ModuleName>
      <Files />
      <Classes />
    </Module>
    <Module skippedDueTo="Filter" hash="B4-B9-CB-11-85-B6-6F-8B-7E-5C-AE-64-A1-D6-D2-E9-1B-93-B2-0D">
      <ModulePath>C:\Program Files\dotnet\shared\Microsoft.NETCore.App\1.1.2\System.Security.Cryptography.Encoding.dll</ModulePath>
      <ModuleTime>2017-04-28T17:14:44Z</ModuleTime>
      <ModuleName>System.Security.Cryptography.Encoding</ModuleName>
      <Files />
      <Classes />
    </Module>
    <Module skippedDueTo="Filter" hash="70-97-6B-8D-68-E5-0C-F3-B8-17-8A-EF-59-DB-29-52-78-44-FF-CA">
      <ModulePath>C:\Program Files\dotnet\shared\Microsoft.NETCore.App\1.1.2\System.Security.Cryptography.Cng.dll</ModulePath>
      <ModuleTime>2017-04-28T17:14:42Z</ModuleTime>
      <ModuleName>System.Security.Cryptography.Cng</ModuleName>
      <Files />
      <Classes />
    </Module>
    <Module skippedDueTo="Filter" hash="08-C5-08-58-D2-A4-A8-C6-52-FA-81-20-BD-85-B7-B0-F8-9F-F8-DE">
      <ModulePath>C:\Program Files\dotnet\shared\Microsoft.NETCore.App\1.1.2\System.Security.Cryptography.Csp.dll</ModulePath>
      <ModuleTime>2017-04-28T17:14:42Z</ModuleTime>
      <ModuleName>System.Security.Cryptography.Csp</ModuleName>
      <Files />
      <Classes />
    </Module>
    <Module skippedDueTo="Filter" hash="B0-11-A9-02-1B-91-76-D9-FE-CA-B1-E7-D7-4D-A7-62-8F-74-5A-4F">
      <ModulePath>C:\Program Files\dotnet\shared\Microsoft.NETCore.App\1.1.2\System.Security.Cryptography.OpenSsl.dll</ModulePath>
      <ModuleTime>2017-04-28T17:14:44Z</ModuleTime>
      <ModuleName>System.Security.Cryptography.OpenSsl</ModuleName>
      <Files />
      <Classes />
    </Module>
    <Module skippedDueTo="Filter" hash="EE-E1-9F-3E-08-A6-4E-D8-CF-28-3A-78-2F-F2-E9-16-5D-FD-7C-42">
      <ModulePath>C:\Program Files\dotnet\shared\Microsoft.NETCore.App\1.1.2\System.Security.Principal.Windows.dll</ModulePath>
      <ModuleTime>2017-04-28T17:14:44Z</ModuleTime>
      <ModuleName>System.Security.Principal.Windows</ModuleName>
      <Files />
      <Classes />
    </Module>
    <Module skippedDueTo="Filter" hash="BA-85-18-37-1F-3E-E8-7F-BA-F2-C9-40-E1-5C-6E-4E-E4-59-E9-DD">
      <ModulePath>C:\Program Files\dotnet\shared\Microsoft.NETCore.App\1.1.2\System.Threading.Tasks.Dataflow.dll</ModulePath>
      <ModuleTime>2017-04-28T17:14:44Z</ModuleTime>
      <ModuleName>System.Threading.Tasks.Dataflow</ModuleName>
      <Files />
      <Classes />
    </Module>
    <Module skippedDueTo="Filter" hash="B5-2F-85-A5-2F-3B-19-55-3B-BD-64-D1-C1-09-23-57-D4-43-1C-B4">
      <ModulePath>C:\Program Files\dotnet\shared\Microsoft.NETCore.App\1.1.2\System.Threading.Tasks.Extensions.dll</ModulePath>
      <ModuleTime>2017-04-28T17:14:44Z</ModuleTime>
      <ModuleName>System.Threading.Tasks.Extensions</ModuleName>
      <Files />
      <Classes />
    </Module>
    <Module skippedDueTo="Filter" hash="1D-ED-DF-42-56-DD-12-67-EF-C3-94-70-2D-FA-AB-57-2A-97-6B-5B">
      <ModulePath>C:\Program Files\dotnet\shared\Microsoft.NETCore.App\1.1.2\System.Threading.Tasks.Parallel.dll</ModulePath>
      <ModuleTime>2017-04-28T17:14:44Z</ModuleTime>
      <ModuleName>System.Threading.Tasks.Parallel</ModuleName>
      <Files />
      <Classes />
    </Module>
    <Module skippedDueTo="Filter" hash="70-E5-DB-03-3C-B2-C5-B8-33-EB-56-7C-D6-F3-5C-00-C9-47-90-91">
      <ModulePath>C:\Program Files\dotnet\shared\Microsoft.NETCore.App\1.1.2\System.Xml.XPath.XDocument.dll</ModulePath>
      <ModuleTime>2017-04-28T17:14:44Z</ModuleTime>
      <ModuleName>System.Xml.XPath.XDocument</ModuleName>
      <Files />
      <Classes />
    </Module>
    <Module skippedDueTo="Filter" hash="4C-41-23-CC-68-44-BC-96-7A-9A-5F-43-91-98-C4-D2-3C-39-96-7D">
      <ModulePath>E:\Repos\WebApplication1\Cibertec.Repositories.Tests\bin\Release\netcoreapp1.1\xunit.runner.reporters.netstandard15.dll</ModulePath>
      <ModuleTime>2017-02-19T20:24:26Z</ModuleTime>
      <ModuleName>xunit.runner.reporters.netstandard15</ModuleName>
      <Files />
      <Classes />
    </Module>
    <Module skippedDueTo="Filter" hash="">
      <ModulePath>RefEmit_InMemoryManifestModule</ModulePath>
      <ModuleTime>0001-01-01T00:00:00</ModuleTime>
      <ModuleName>DynamicProxyGenAssembly2</ModuleName>
      <Files />
      <Classes />
    </Module>
    <Module skippedDueTo="Filter" hash="">
      <ModulePath>RefEmit_InMemoryManifestModule</ModulePath>
      <ModuleTime>0001-01-01T00:00:00</ModuleTime>
      <ModuleName>DynamicProxyGenAssembly2</ModuleName>
      <Files />
      <Classes />
    </Module>
    <Module skippedDueTo="Filter" hash="81-CD-53-94-0B-4A-42-C6-E1-C9-B5-A0-9F-9C-08-A2-29-C8-37-C2">
      <ModulePath>C:\Program Files\dotnet\sdk\1.0.4\System.ComponentModel.TypeConverter.dll</ModulePath>
      <ModuleTime>2017-05-04T20:17:42Z</ModuleTime>
      <ModuleName>System.ComponentModel.TypeConverter</ModuleName>
      <Files />
      <Classes />
    </Module>
    <Module skippedDueTo="Filter" hash="F7-8F-A4-2F-64-69-5F-F0-AB-EF-BD-9A-D5-ED-C0-80-DE-EB-A0-60">
      <ModulePath>C:\Program Files\dotnet\sdk\1.0.4\System.Collections.NonGeneric.dll</ModulePath>
      <ModuleTime>2017-05-04T20:17:42Z</ModuleTime>
      <ModuleName>System.Collections.NonGeneric</ModuleName>
      <Files />
      <Classes />
    </Module>
    <Module skippedDueTo="Filter" hash="18-09-93-26-68-DE-11-C1-1F-66-BB-96-1B-C4-9F-79-F4-BF-25-6F">
      <ModulePath>C:\Program Files\dotnet\sdk\1.0.4\System.Collections.Specialized.dll</ModulePath>
      <ModuleTime>2017-05-04T20:17:42Z</ModuleTime>
      <ModuleName>System.Collections.Specialized</ModuleName>
      <Files />
      <Classes />
    </Module>
    <Module skippedDueTo="Filter" hash="6B-5F-AA-D0-1F-6F-2D-8D-0F-85-72-46-16-DA-E8-C1-1F-99-76-E6">
      <ModulePath>C:\Program Files\dotnet\sdk\1.0.4\System.ComponentModel.Primitives.dll</ModulePath>
      <ModuleTime>2017-05-04T20:17:42Z</ModuleTime>
      <ModuleName>System.ComponentModel.Primitives</ModuleName>
      <Files />
      <Classes />
    </Module>
  </Modules>
</CoverageSession>